[ 2023-04-19 19:20:28,150 ] 16 root - INFO - >>>>>>>>>>>>>>>>>>>>>>>>>>>>>>>>>>>>>>>> Data Ingestion <<<<<<<<<<<<<<<<<<<<<<<<<<<<<<<<<<<<<<<<
[ 2023-04-19 19:20:28,151 ] 24 root - INFO - Exporting collection data as pandas dataframe
[ 2023-04-19 19:20:28,151 ] 21 root - INFO - reading data from database: {database_name} and collection {collection_name}
[ 2023-04-19 19:20:31,565 ] 23 root - INFO - Found columns: Index(['_id', 'class', 'aa_000', 'ab_000', 'ac_000', 'ad_000', 'ae_000',
       'af_000', 'ag_000', 'ag_001',
       ...
       'ee_002', 'ee_003', 'ee_004', 'ee_005', 'ee_006', 'ee_007', 'ee_008',
       'ee_009', 'ef_000', 'eg_000'],
      dtype='object', length=172)
[ 2023-04-19 19:20:31,566 ] 25 root - INFO - Dropping column: _id 
[ 2023-04-19 19:20:31,760 ] 27 root - INFO - Row and columns in df: (36188, 171)
[ 2023-04-19 19:20:31,760 ] 30 root - INFO - Save data in feature store
[ 2023-04-19 19:20:33,112 ] 36 root - INFO - Create feature store folder if not available
[ 2023-04-19 19:20:33,112 ] 40 root - INFO - Save df to feature store folder
[ 2023-04-19 19:20:34,809 ] 45 root - INFO - split dataset into train and test set
[ 2023-04-19 19:20:35,114 ] 49 root - INFO - create dataset directory folder if not available
[ 2023-04-19 19:20:35,115 ] 54 root - INFO - Save df to feature store folder
[ 2023-04-19 19:20:36,923 ] 66 root - INFO - Data ingestion artifact: DataIngestionArtifact(feature_store_file_path='/config/workspace/artifact/04192023__192028/data_ingestion/feature_store/sensor.csv', train_file_path='/config/workspace/artifact/04192023__192028/data_ingestion/dataset/train.csv', test_file_path='/config/workspace/artifact/04192023__192028/data_ingestion/dataset/test.csv')
[ 2023-04-19 19:20:37,311 ] 15 root - INFO - >>>>>>>>>>>>>>>>>>>>>>>>>>>>>>>>>>>>>>>>Data validation<<<<<<<<<<<<<<<<<<<<<<<<<<<<<<<<<<<<<<<<
[ 2023-04-19 19:20:37,311 ] 106 root - INFO - reading base dataframe
[ 2023-04-19 19:20:38,877 ] 109 root - INFO - repacing na value with np.NAN in base df
[ 2023-04-19 19:20:39,522 ] 111 root - INFO - dropping null values columns in base_df
[ 2023-04-19 19:20:39,738 ] 36 root - INFO - selecting column names which contain null values above to 0.7
[ 2023-04-19 19:20:39,739 ] 39 root - INFO - columns to drop : Index(['ab_000', 'bn_000', 'bo_000', 'bp_000', 'bq_000', 'br_000', 'cr_000'], dtype='object')
[ 2023-04-19 19:20:39,821 ] 114 root - INFO - Reading train dataframe
[ 2023-04-19 19:20:40,209 ] 116 root - INFO - Reading test dataframe
[ 2023-04-19 19:20:40,305 ] 119 root - INFO - dropping null values columns in train_df
[ 2023-04-19 19:20:40,313 ] 36 root - INFO - selecting column names which contain null values above to 0.7
[ 2023-04-19 19:20:40,314 ] 39 root - INFO - columns to drop : Index(['ab_000', 'bn_000', 'bo_000', 'bp_000', 'bq_000', 'br_000', 'cr_000'], dtype='object')
[ 2023-04-19 19:20:40,324 ] 121 root - INFO - dropping null values columns in test_df
[ 2023-04-19 19:20:40,327 ] 36 root - INFO - selecting column names which contain null values above to 0.7
[ 2023-04-19 19:20:40,328 ] 39 root - INFO - columns to drop : Index(['ab_000', 'bn_000', 'bo_000', 'bp_000', 'bq_000', 'br_000', 'cr_000'], dtype='object')
[ 2023-04-19 19:20:40,332 ] 124 root - INFO - all required columns present in train_df
[ 2023-04-19 19:20:40,332 ] 126 root - INFO - all required columns present in test_df
[ 2023-04-19 19:20:40,333 ] 131 root - INFO - as all columns are available now detecting data drift in train_df
