[ 2023-04-19 19:14:43,129 ] 16 root - INFO - >>>>>>>>>>>>>>>>>>>>>>>>>>>>>>>>>>>>>>>> Data Ingestion <<<<<<<<<<<<<<<<<<<<<<<<<<<<<<<<<<<<<<<<
[ 2023-04-19 19:14:43,129 ] 24 root - INFO - Exporting collection data as pandas dataframe
[ 2023-04-19 19:14:43,129 ] 21 root - INFO - reading data from database: {database_name} and collection {collection_name}
[ 2023-04-19 19:14:46,697 ] 23 root - INFO - Found columns: Index(['_id', 'class', 'aa_000', 'ab_000', 'ac_000', 'ad_000', 'ae_000',
       'af_000', 'ag_000', 'ag_001',
       ...
       'ee_002', 'ee_003', 'ee_004', 'ee_005', 'ee_006', 'ee_007', 'ee_008',
       'ee_009', 'ef_000', 'eg_000'],
      dtype='object', length=172)
[ 2023-04-19 19:14:46,697 ] 25 root - INFO - Dropping column: _id 
[ 2023-04-19 19:14:46,892 ] 27 root - INFO - Row and columns in df: (36188, 171)
[ 2023-04-19 19:14:46,893 ] 30 root - INFO - Save data in feature store
[ 2023-04-19 19:14:48,244 ] 36 root - INFO - Create feature store folder if not available
[ 2023-04-19 19:14:48,244 ] 40 root - INFO - Save df to feature store folder
[ 2023-04-19 19:14:49,992 ] 45 root - INFO - split dataset into train and test set
[ 2023-04-19 19:14:50,301 ] 49 root - INFO - create dataset directory folder if not available
[ 2023-04-19 19:14:50,301 ] 54 root - INFO - Save df to feature store folder
[ 2023-04-19 19:14:52,171 ] 66 root - INFO - Data ingestion artifact: DataIngestionArtifact(feature_store_file_path='/config/workspace/artifact/04192023__191443/data_ingestion/feature_store/sensor.csv', train_file_path='/config/workspace/artifact/04192023__191443/data_ingestion/dataset/train.csv', test_file_path='/config/workspace/artifact/04192023__191443/data_ingestion/dataset/test.csv')
[ 2023-04-19 19:14:52,570 ] 15 root - INFO - >>>>>>>>>>>>>>>>>>>>>>>>>>>>>>>>>>>>>>>>Data validation<<<<<<<<<<<<<<<<<<<<<<<<<<<<<<<<<<<<<<<<
[ 2023-04-19 19:14:52,570 ] 106 root - INFO - reading base dataframe
[ 2023-04-19 19:14:54,131 ] 109 root - INFO - repacing na value with np.NAN in base df
[ 2023-04-19 19:14:54,756 ] 111 root - INFO - dropping null values columns in base_df
