[ 2023-04-19 19:40:23,464 ] 16 root - INFO - >>>>>>>>>>>>>>>>>>>>>>>>>>>>>>>>>>>>>>>> Data Ingestion <<<<<<<<<<<<<<<<<<<<<<<<<<<<<<<<<<<<<<<<
[ 2023-04-19 19:40:23,464 ] 24 root - INFO - Exporting collection data as pandas dataframe
[ 2023-04-19 19:40:23,464 ] 21 root - INFO - reading data from database: {database_name} and collection {collection_name}
[ 2023-04-19 19:40:26,911 ] 23 root - INFO - Found columns: Index(['_id', 'class', 'aa_000', 'ab_000', 'ac_000', 'ad_000', 'ae_000',
       'af_000', 'ag_000', 'ag_001',
       ...
       'ee_002', 'ee_003', 'ee_004', 'ee_005', 'ee_006', 'ee_007', 'ee_008',
       'ee_009', 'ef_000', 'eg_000'],
      dtype='object', length=172)
[ 2023-04-19 19:40:26,912 ] 25 root - INFO - Dropping column: _id 
[ 2023-04-19 19:40:27,114 ] 27 root - INFO - Row and columns in df: (36188, 171)
[ 2023-04-19 19:40:27,114 ] 30 root - INFO - Save data in feature store
[ 2023-04-19 19:40:28,448 ] 36 root - INFO - Create feature store folder if not available
[ 2023-04-19 19:40:28,448 ] 40 root - INFO - Save df to feature store folder
[ 2023-04-19 19:40:30,175 ] 45 root - INFO - split dataset into train and test set
[ 2023-04-19 19:40:30,480 ] 49 root - INFO - create dataset directory folder if not available
[ 2023-04-19 19:40:30,481 ] 54 root - INFO - Save df to feature store folder
[ 2023-04-19 19:40:32,311 ] 66 root - INFO - Data ingestion artifact: DataIngestionArtifact(feature_store_file_path='/config/workspace/artifact/04192023__194023/data_ingestion/feature_store/sensor.csv', train_file_path='/config/workspace/artifact/04192023__194023/data_ingestion/dataset/train.csv', test_file_path='/config/workspace/artifact/04192023__194023/data_ingestion/dataset/test.csv')
[ 2023-04-19 19:40:32,686 ] 19 root - INFO - >>>>>>>>>>>>>>>>>>>>>>>>>>>>>>>>>>>>>>>> Data Validation <<<<<<<<<<<<<<<<<<<<<<<<<<<<<<<<<<<<<<<<
[ 2023-04-19 19:40:32,686 ] 107 root - INFO - Reading base dataframe
[ 2023-04-19 19:40:34,898 ] 110 root - INFO - Replace na value in base df
[ 2023-04-19 19:40:34,898 ] 112 root - INFO - Drop null values colums from base df
[ 2023-04-19 19:40:35,121 ] 41 root - INFO - selecting column name which contains null above to 0.7
[ 2023-04-19 19:40:35,122 ] 44 root - INFO - Columns to drop: ['ab_000', 'bn_000', 'bo_000', 'bp_000', 'bq_000', 'br_000', 'cr_000']
[ 2023-04-19 19:40:35,205 ] 115 root - INFO - Reading train dataframe
[ 2023-04-19 19:40:35,582 ] 117 root - INFO - Reading test dataframe
[ 2023-04-19 19:40:35,682 ] 120 root - INFO - Drop null values colums from train df
[ 2023-04-19 19:40:35,690 ] 41 root - INFO - selecting column name which contains null above to 0.7
[ 2023-04-19 19:40:35,691 ] 44 root - INFO - Columns to drop: ['ab_000', 'bn_000', 'bo_000', 'bp_000', 'bq_000', 'br_000', 'cr_000']
[ 2023-04-19 19:40:35,701 ] 122 root - INFO - Drop null values colums from test df
[ 2023-04-19 19:40:35,704 ] 41 root - INFO - selecting column name which contains null above to 0.7
[ 2023-04-19 19:40:35,704 ] 44 root - INFO - Columns to drop: ['ab_000', 'bn_000', 'bo_000', 'bp_000', 'bq_000', 'br_000', 'cr_000']
[ 2023-04-19 19:40:36,564 ] 131 root - INFO - Is all required columns present in train df
[ 2023-04-19 19:40:36,564 ] 133 root - INFO - Is all required columns present in test df
[ 2023-04-19 19:40:36,564 ] 137 root - INFO - As all column are available in train df hence detecting data drift
[ 2023-04-19 19:40:36,564 ] 85 root - INFO - Hypothesis class: object, object 
[ 2023-04-19 19:40:36,696 ] 85 root - INFO - Hypothesis aa_000: float64, float64 
[ 2023-04-19 19:40:36,706 ] 85 root - INFO - Hypothesis ac_000: float64, float64 
[ 2023-04-19 19:40:36,714 ] 85 root - INFO - Hypothesis ad_000: float64, float64 
[ 2023-04-19 19:40:36,752 ] 85 root - INFO - Hypothesis ae_000: float64, float64 
[ 2023-04-19 19:40:36,789 ] 85 root - INFO - Hypothesis af_000: float64, float64 
[ 2023-04-19 19:40:36,824 ] 85 root - INFO - Hypothesis ag_000: float64, float64 
[ 2023-04-19 19:40:36,858 ] 85 root - INFO - Hypothesis ag_001: float64, float64 
[ 2023-04-19 19:40:36,894 ] 85 root - INFO - Hypothesis ag_002: float64, float64 
[ 2023-04-19 19:40:36,930 ] 85 root - INFO - Hypothesis ag_003: float64, float64 
[ 2023-04-19 19:40:36,967 ] 85 root - INFO - Hypothesis ag_004: float64, float64 
[ 2023-04-19 19:40:36,977 ] 85 root - INFO - Hypothesis ag_005: float64, float64 
[ 2023-04-19 19:40:36,988 ] 85 root - INFO - Hypothesis ag_006: float64, float64 
[ 2023-04-19 19:40:37,030 ] 85 root - INFO - Hypothesis ag_007: float64, float64 
[ 2023-04-19 19:40:37,071 ] 85 root - INFO - Hypothesis ag_008: float64, float64 
[ 2023-04-19 19:40:37,111 ] 85 root - INFO - Hypothesis ag_009: float64, float64 
[ 2023-04-19 19:40:37,151 ] 85 root - INFO - Hypothesis ah_000: float64, float64 
[ 2023-04-19 19:40:37,161 ] 85 root - INFO - Hypothesis ai_000: float64, float64 
[ 2023-04-19 19:40:37,198 ] 85 root - INFO - Hypothesis aj_000: float64, float64 
[ 2023-04-19 19:40:37,235 ] 85 root - INFO - Hypothesis ak_000: float64, float64 
[ 2023-04-19 19:40:37,270 ] 85 root - INFO - Hypothesis al_000: float64, float64 
[ 2023-04-19 19:40:37,309 ] 85 root - INFO - Hypothesis am_0: float64, float64 
[ 2023-04-19 19:40:37,348 ] 85 root - INFO - Hypothesis an_000: float64, float64 
[ 2023-04-19 19:40:37,358 ] 85 root - INFO - Hypothesis ao_000: float64, float64 
[ 2023-04-19 19:40:37,369 ] 85 root - INFO - Hypothesis ap_000: float64, float64 
[ 2023-04-19 19:40:37,411 ] 85 root - INFO - Hypothesis aq_000: float64, float64 
[ 2023-04-19 19:40:37,453 ] 85 root - INFO - Hypothesis ar_000: float64, float64 
[ 2023-04-19 19:40:37,490 ] 85 root - INFO - Hypothesis as_000: float64, float64 
[ 2023-04-19 19:40:37,524 ] 85 root - INFO - Hypothesis at_000: float64, float64 
[ 2023-04-19 19:40:37,561 ] 85 root - INFO - Hypothesis au_000: float64, float64 
[ 2023-04-19 19:40:37,597 ] 85 root - INFO - Hypothesis av_000: float64, float64 
[ 2023-04-19 19:40:37,605 ] 85 root - INFO - Hypothesis ax_000: float64, float64 
[ 2023-04-19 19:40:37,644 ] 85 root - INFO - Hypothesis ay_000: float64, float64 
[ 2023-04-19 19:40:37,679 ] 85 root - INFO - Hypothesis ay_001: float64, float64 
[ 2023-04-19 19:40:37,714 ] 85 root - INFO - Hypothesis ay_002: float64, float64 
[ 2023-04-19 19:40:37,749 ] 85 root - INFO - Hypothesis ay_003: float64, float64 
[ 2023-04-19 19:40:37,784 ] 85 root - INFO - Hypothesis ay_004: float64, float64 
[ 2023-04-19 19:40:37,821 ] 85 root - INFO - Hypothesis ay_005: float64, float64 
[ 2023-04-19 19:40:37,861 ] 85 root - INFO - Hypothesis ay_006: float64, float64 
[ 2023-04-19 19:40:37,902 ] 85 root - INFO - Hypothesis ay_007: float64, float64 
[ 2023-04-19 19:40:37,944 ] 85 root - INFO - Hypothesis ay_008: float64, float64 
[ 2023-04-19 19:40:37,954 ] 85 root - INFO - Hypothesis ay_009: float64, float64 
[ 2023-04-19 19:40:37,990 ] 85 root - INFO - Hypothesis az_000: float64, float64 
[ 2023-04-19 19:40:38,032 ] 85 root - INFO - Hypothesis az_001: float64, float64 
[ 2023-04-19 19:40:38,072 ] 85 root - INFO - Hypothesis az_002: float64, float64 
[ 2023-04-19 19:40:38,112 ] 85 root - INFO - Hypothesis az_003: float64, float64 
[ 2023-04-19 19:40:38,153 ] 85 root - INFO - Hypothesis az_004: float64, float64 
[ 2023-04-19 19:40:38,196 ] 85 root - INFO - Hypothesis az_005: float64, float64 
[ 2023-04-19 19:40:38,239 ] 85 root - INFO - Hypothesis az_006: float64, float64 
[ 2023-04-19 19:40:38,280 ] 85 root - INFO - Hypothesis az_007: float64, float64 
[ 2023-04-19 19:40:38,317 ] 85 root - INFO - Hypothesis az_008: float64, float64 
[ 2023-04-19 19:40:38,353 ] 85 root - INFO - Hypothesis az_009: float64, float64 
[ 2023-04-19 19:40:38,388 ] 85 root - INFO - Hypothesis ba_000: float64, float64 
[ 2023-04-19 19:40:38,399 ] 85 root - INFO - Hypothesis ba_001: float64, float64 
[ 2023-04-19 19:40:38,441 ] 85 root - INFO - Hypothesis ba_002: float64, float64 
[ 2023-04-19 19:40:38,482 ] 85 root - INFO - Hypothesis ba_003: float64, float64 
[ 2023-04-19 19:40:38,523 ] 85 root - INFO - Hypothesis ba_004: float64, float64 
[ 2023-04-19 19:40:38,565 ] 85 root - INFO - Hypothesis ba_005: float64, float64 
[ 2023-04-19 19:40:38,606 ] 85 root - INFO - Hypothesis ba_006: float64, float64 
[ 2023-04-19 19:40:38,648 ] 85 root - INFO - Hypothesis ba_007: float64, float64 
[ 2023-04-19 19:40:38,657 ] 85 root - INFO - Hypothesis ba_008: float64, float64 
[ 2023-04-19 19:40:38,695 ] 85 root - INFO - Hypothesis ba_009: float64, float64 
[ 2023-04-19 19:40:38,733 ] 85 root - INFO - Hypothesis bb_000: float64, float64 
[ 2023-04-19 19:40:38,744 ] 85 root - INFO - Hypothesis bc_000: float64, float64 
[ 2023-04-19 19:40:38,782 ] 85 root - INFO - Hypothesis bd_000: float64, float64 
[ 2023-04-19 19:40:38,821 ] 85 root - INFO - Hypothesis be_000: float64, float64 
[ 2023-04-19 19:40:38,861 ] 85 root - INFO - Hypothesis bf_000: float64, float64 
[ 2023-04-19 19:40:38,868 ] 85 root - INFO - Hypothesis bg_000: float64, float64 
[ 2023-04-19 19:40:38,879 ] 85 root - INFO - Hypothesis bh_000: float64, float64 
[ 2023-04-19 19:40:38,920 ] 85 root - INFO - Hypothesis bi_000: float64, float64 
[ 2023-04-19 19:40:38,963 ] 85 root - INFO - Hypothesis bj_000: float64, float64 
[ 2023-04-19 19:40:39,006 ] 85 root - INFO - Hypothesis bk_000: float64, float64 
[ 2023-04-19 19:40:39,048 ] 85 root - INFO - Hypothesis bl_000: float64, float64 
[ 2023-04-19 19:40:39,056 ] 85 root - INFO - Hypothesis bm_000: float64, float64 
[ 2023-04-19 19:40:39,097 ] 85 root - INFO - Hypothesis bs_000: float64, float64 
[ 2023-04-19 19:40:39,144 ] 85 root - INFO - Hypothesis bt_000: float64, float64 
[ 2023-04-19 19:40:39,156 ] 85 root - INFO - Hypothesis bu_000: float64, float64 
[ 2023-04-19 19:40:39,166 ] 85 root - INFO - Hypothesis bv_000: float64, float64 
[ 2023-04-19 19:40:39,177 ] 85 root - INFO - Hypothesis bx_000: float64, float64 
[ 2023-04-19 19:40:39,219 ] 85 root - INFO - Hypothesis by_000: float64, float64 
[ 2023-04-19 19:40:39,229 ] 85 root - INFO - Hypothesis bz_000: float64, float64 
[ 2023-04-19 19:40:39,238 ] 85 root - INFO - Hypothesis ca_000: float64, float64 
[ 2023-04-19 19:40:39,281 ] 85 root - INFO - Hypothesis cb_000: float64, float64 
[ 2023-04-19 19:40:39,325 ] 85 root - INFO - Hypothesis cc_000: float64, float64 
[ 2023-04-19 19:40:39,367 ] 85 root - INFO - Hypothesis cd_000: float64, float64 
[ 2023-04-19 19:40:39,403 ] 85 root - INFO - Hypothesis ce_000: float64, float64 
[ 2023-04-19 19:40:39,412 ] 85 root - INFO - Hypothesis cf_000: float64, float64 
[ 2023-04-19 19:40:39,449 ] 85 root - INFO - Hypothesis cg_000: float64, float64 
[ 2023-04-19 19:40:39,487 ] 85 root - INFO - Hypothesis ch_000: float64, float64 
[ 2023-04-19 19:40:39,493 ] 85 root - INFO - Hypothesis ci_000: float64, float64 
[ 2023-04-19 19:40:39,503 ] 85 root - INFO - Hypothesis cj_000: float64, float64 
[ 2023-04-19 19:40:39,509 ] 85 root - INFO - Hypothesis ck_000: float64, float64 
[ 2023-04-19 19:40:39,520 ] 85 root - INFO - Hypothesis cl_000: float64, float64 
[ 2023-04-19 19:40:39,557 ] 85 root - INFO - Hypothesis cm_000: float64, float64 
[ 2023-04-19 19:40:39,595 ] 85 root - INFO - Hypothesis cn_000: float64, float64 
[ 2023-04-19 19:40:39,631 ] 85 root - INFO - Hypothesis cn_001: float64, float64 
[ 2023-04-19 19:40:39,668 ] 85 root - INFO - Hypothesis cn_002: float64, float64 
[ 2023-04-19 19:40:39,707 ] 85 root - INFO - Hypothesis cn_003: float64, float64 
[ 2023-04-19 19:40:39,718 ] 85 root - INFO - Hypothesis cn_004: float64, float64 
[ 2023-04-19 19:40:39,728 ] 85 root - INFO - Hypothesis cn_005: float64, float64 
[ 2023-04-19 19:40:39,770 ] 85 root - INFO - Hypothesis cn_006: float64, float64 
[ 2023-04-19 19:40:39,812 ] 85 root - INFO - Hypothesis cn_007: float64, float64 
[ 2023-04-19 19:40:39,856 ] 85 root - INFO - Hypothesis cn_008: float64, float64 
[ 2023-04-19 19:40:39,898 ] 85 root - INFO - Hypothesis cn_009: float64, float64 
[ 2023-04-19 19:40:39,937 ] 85 root - INFO - Hypothesis co_000: float64, float64 
[ 2023-04-19 19:40:39,975 ] 85 root - INFO - Hypothesis cp_000: float64, float64 
[ 2023-04-19 19:40:40,014 ] 85 root - INFO - Hypothesis cq_000: float64, float64 
[ 2023-04-19 19:40:40,024 ] 85 root - INFO - Hypothesis cs_000: float64, float64 
[ 2023-04-19 19:40:40,035 ] 85 root - INFO - Hypothesis cs_001: float64, float64 
[ 2023-04-19 19:40:40,043 ] 85 root - INFO - Hypothesis cs_002: float64, float64 
[ 2023-04-19 19:40:40,085 ] 85 root - INFO - Hypothesis cs_003: float64, float64 
[ 2023-04-19 19:40:40,126 ] 85 root - INFO - Hypothesis cs_004: float64, float64 
[ 2023-04-19 19:40:40,167 ] 85 root - INFO - Hypothesis cs_005: float64, float64 
[ 2023-04-19 19:40:40,178 ] 85 root - INFO - Hypothesis cs_006: float64, float64 
[ 2023-04-19 19:40:40,189 ] 85 root - INFO - Hypothesis cs_007: float64, float64 
[ 2023-04-19 19:40:40,230 ] 85 root - INFO - Hypothesis cs_008: float64, float64 
[ 2023-04-19 19:40:40,268 ] 85 root - INFO - Hypothesis cs_009: float64, float64 
[ 2023-04-19 19:40:40,303 ] 85 root - INFO - Hypothesis ct_000: float64, float64 
[ 2023-04-19 19:40:40,342 ] 85 root - INFO - Hypothesis cu_000: float64, float64 
[ 2023-04-19 19:40:40,380 ] 85 root - INFO - Hypothesis cv_000: float64, float64 
[ 2023-04-19 19:40:40,422 ] 85 root - INFO - Hypothesis cx_000: float64, float64 
[ 2023-04-19 19:40:40,462 ] 85 root - INFO - Hypothesis cy_000: float64, float64 
[ 2023-04-19 19:40:40,498 ] 85 root - INFO - Hypothesis cz_000: float64, float64 
[ 2023-04-19 19:40:40,538 ] 85 root - INFO - Hypothesis da_000: float64, float64 
[ 2023-04-19 19:40:40,575 ] 85 root - INFO - Hypothesis db_000: float64, float64 
[ 2023-04-19 19:40:40,612 ] 85 root - INFO - Hypothesis dc_000: float64, float64 
[ 2023-04-19 19:40:40,653 ] 85 root - INFO - Hypothesis dd_000: float64, float64 
[ 2023-04-19 19:40:40,662 ] 85 root - INFO - Hypothesis de_000: float64, float64 
[ 2023-04-19 19:40:40,701 ] 85 root - INFO - Hypothesis df_000: float64, float64 
[ 2023-04-19 19:40:40,737 ] 85 root - INFO - Hypothesis dg_000: float64, float64 
[ 2023-04-19 19:40:40,772 ] 85 root - INFO - Hypothesis dh_000: float64, float64 
[ 2023-04-19 19:40:40,778 ] 85 root - INFO - Hypothesis di_000: float64, float64 
[ 2023-04-19 19:40:40,784 ] 85 root - INFO - Hypothesis dj_000: float64, float64 
[ 2023-04-19 19:40:40,819 ] 85 root - INFO - Hypothesis dk_000: float64, float64 
[ 2023-04-19 19:40:40,855 ] 85 root - INFO - Hypothesis dl_000: float64, float64 
[ 2023-04-19 19:40:40,890 ] 85 root - INFO - Hypothesis dm_000: float64, float64 
[ 2023-04-19 19:40:40,926 ] 85 root - INFO - Hypothesis dn_000: float64, float64 
[ 2023-04-19 19:40:40,967 ] 85 root - INFO - Hypothesis do_000: float64, float64 
[ 2023-04-19 19:40:41,008 ] 85 root - INFO - Hypothesis dp_000: float64, float64 
[ 2023-04-19 19:40:41,049 ] 85 root - INFO - Hypothesis dq_000: float64, float64 
[ 2023-04-19 19:40:41,087 ] 85 root - INFO - Hypothesis dr_000: float64, float64 
[ 2023-04-19 19:40:41,124 ] 85 root - INFO - Hypothesis ds_000: float64, float64 
[ 2023-04-19 19:40:41,165 ] 85 root - INFO - Hypothesis dt_000: float64, float64 
[ 2023-04-19 19:40:41,175 ] 85 root - INFO - Hypothesis du_000: float64, float64 
[ 2023-04-19 19:40:41,185 ] 85 root - INFO - Hypothesis dv_000: float64, float64 
[ 2023-04-19 19:40:41,196 ] 85 root - INFO - Hypothesis dx_000: float64, float64 
[ 2023-04-19 19:40:41,234 ] 85 root - INFO - Hypothesis dy_000: float64, float64 
[ 2023-04-19 19:40:41,241 ] 85 root - INFO - Hypothesis dz_000: float64, float64 
[ 2023-04-19 19:40:41,277 ] 85 root - INFO - Hypothesis ea_000: float64, float64 
[ 2023-04-19 19:40:41,312 ] 85 root - INFO - Hypothesis eb_000: float64, float64 
[ 2023-04-19 19:40:41,351 ] 85 root - INFO - Hypothesis ec_00: float64, float64 
[ 2023-04-19 19:40:41,393 ] 85 root - INFO - Hypothesis ed_000: float64, float64 
[ 2023-04-19 19:40:41,434 ] 85 root - INFO - Hypothesis ee_000: float64, float64 
[ 2023-04-19 19:40:41,476 ] 85 root - INFO - Hypothesis ee_001: float64, float64 
[ 2023-04-19 19:40:41,519 ] 85 root - INFO - Hypothesis ee_002: float64, float64 
[ 2023-04-19 19:40:41,561 ] 85 root - INFO - Hypothesis ee_003: float64, float64 
[ 2023-04-19 19:40:41,602 ] 85 root - INFO - Hypothesis ee_004: float64, float64 
[ 2023-04-19 19:40:41,644 ] 85 root - INFO - Hypothesis ee_005: float64, float64 
[ 2023-04-19 19:40:41,685 ] 85 root - INFO - Hypothesis ee_006: float64, float64 
[ 2023-04-19 19:40:41,727 ] 85 root - INFO - Hypothesis ee_007: float64, float64 
[ 2023-04-19 19:40:41,768 ] 85 root - INFO - Hypothesis ee_008: float64, float64 
[ 2023-04-19 19:40:41,809 ] 85 root - INFO - Hypothesis ee_009: float64, float64 
[ 2023-04-19 19:40:41,848 ] 85 root - INFO - Hypothesis ef_000: float64, float64 
[ 2023-04-19 19:40:41,885 ] 85 root - INFO - Hypothesis eg_000: float64, float64 
[ 2023-04-19 19:40:41,921 ] 140 root - INFO - As all column are available in test df hence detecting data drift
[ 2023-04-19 19:40:41,921 ] 85 root - INFO - Hypothesis class: object, object 
[ 2023-04-19 19:40:41,999 ] 85 root - INFO - Hypothesis aa_000: float64, float64 
[ 2023-04-19 19:40:42,007 ] 85 root - INFO - Hypothesis ac_000: float64, float64 
[ 2023-04-19 19:40:42,013 ] 85 root - INFO - Hypothesis ad_000: float64, float64 
[ 2023-04-19 19:40:42,019 ] 85 root - INFO - Hypothesis ae_000: float64, float64 
[ 2023-04-19 19:40:42,037 ] 85 root - INFO - Hypothesis af_000: float64, float64 
[ 2023-04-19 19:40:42,055 ] 85 root - INFO - Hypothesis ag_000: float64, float64 
[ 2023-04-19 19:40:42,070 ] 85 root - INFO - Hypothesis ag_001: float64, float64 
[ 2023-04-19 19:40:42,085 ] 85 root - INFO - Hypothesis ag_002: float64, float64 
[ 2023-04-19 19:40:42,089 ] 85 root - INFO - Hypothesis ag_003: float64, float64 
[ 2023-04-19 19:40:42,093 ] 85 root - INFO - Hypothesis ag_004: float64, float64 
[ 2023-04-19 19:40:42,100 ] 85 root - INFO - Hypothesis ag_005: float64, float64 
[ 2023-04-19 19:40:42,107 ] 85 root - INFO - Hypothesis ag_006: float64, float64 
[ 2023-04-19 19:40:42,114 ] 85 root - INFO - Hypothesis ag_007: float64, float64 
[ 2023-04-19 19:40:42,120 ] 85 root - INFO - Hypothesis ag_008: float64, float64 
[ 2023-04-19 19:40:42,126 ] 85 root - INFO - Hypothesis ag_009: float64, float64 
[ 2023-04-19 19:40:42,131 ] 85 root - INFO - Hypothesis ah_000: float64, float64 
[ 2023-04-19 19:40:42,138 ] 85 root - INFO - Hypothesis ai_000: float64, float64 
[ 2023-04-19 19:40:42,141 ] 85 root - INFO - Hypothesis aj_000: float64, float64 
[ 2023-04-19 19:40:42,145 ] 85 root - INFO - Hypothesis ak_000: float64, float64 
[ 2023-04-19 19:40:42,160 ] 85 root - INFO - Hypothesis al_000: float64, float64 
[ 2023-04-19 19:40:42,165 ] 85 root - INFO - Hypothesis am_0: float64, float64 
[ 2023-04-19 19:40:42,170 ] 85 root - INFO - Hypothesis an_000: float64, float64 
[ 2023-04-19 19:40:42,177 ] 85 root - INFO - Hypothesis ao_000: float64, float64 
[ 2023-04-19 19:40:42,184 ] 85 root - INFO - Hypothesis ap_000: float64, float64 
[ 2023-04-19 19:40:42,191 ] 85 root - INFO - Hypothesis aq_000: float64, float64 
[ 2023-04-19 19:40:42,198 ] 85 root - INFO - Hypothesis ar_000: float64, float64 
[ 2023-04-19 19:40:42,213 ] 85 root - INFO - Hypothesis as_000: float64, float64 
[ 2023-04-19 19:40:42,228 ] 85 root - INFO - Hypothesis at_000: float64, float64 
[ 2023-04-19 19:40:42,232 ] 85 root - INFO - Hypothesis au_000: float64, float64 
[ 2023-04-19 19:40:42,246 ] 85 root - INFO - Hypothesis av_000: float64, float64 
[ 2023-04-19 19:40:42,252 ] 85 root - INFO - Hypothesis ax_000: float64, float64 
[ 2023-04-19 19:40:42,257 ] 85 root - INFO - Hypothesis ay_000: float64, float64 
[ 2023-04-19 19:40:42,272 ] 85 root - INFO - Hypothesis ay_001: float64, float64 
[ 2023-04-19 19:40:42,287 ] 85 root - INFO - Hypothesis ay_002: float64, float64 
[ 2023-04-19 19:40:42,301 ] 85 root - INFO - Hypothesis ay_003: float64, float64 
[ 2023-04-19 19:40:42,316 ] 85 root - INFO - Hypothesis ay_004: float64, float64 
[ 2023-04-19 19:40:42,331 ] 85 root - INFO - Hypothesis ay_005: float64, float64 
[ 2023-04-19 19:40:42,336 ] 85 root - INFO - Hypothesis ay_006: float64, float64 
[ 2023-04-19 19:40:42,343 ] 85 root - INFO - Hypothesis ay_007: float64, float64 
[ 2023-04-19 19:40:42,349 ] 85 root - INFO - Hypothesis ay_008: float64, float64 
[ 2023-04-19 19:40:42,356 ] 85 root - INFO - Hypothesis ay_009: float64, float64 
[ 2023-04-19 19:40:42,371 ] 85 root - INFO - Hypothesis az_000: float64, float64 
[ 2023-04-19 19:40:42,378 ] 85 root - INFO - Hypothesis az_001: float64, float64 
[ 2023-04-19 19:40:42,384 ] 85 root - INFO - Hypothesis az_002: float64, float64 
[ 2023-04-19 19:40:42,390 ] 85 root - INFO - Hypothesis az_003: float64, float64 
[ 2023-04-19 19:40:42,397 ] 85 root - INFO - Hypothesis az_004: float64, float64 
[ 2023-04-19 19:40:42,404 ] 85 root - INFO - Hypothesis az_005: float64, float64 
[ 2023-04-19 19:40:42,411 ] 85 root - INFO - Hypothesis az_006: float64, float64 
[ 2023-04-19 19:40:42,417 ] 85 root - INFO - Hypothesis az_007: float64, float64 
[ 2023-04-19 19:40:42,421 ] 85 root - INFO - Hypothesis az_008: float64, float64 
[ 2023-04-19 19:40:42,424 ] 85 root - INFO - Hypothesis az_009: float64, float64 
[ 2023-04-19 19:40:42,440 ] 85 root - INFO - Hypothesis ba_000: float64, float64 
[ 2023-04-19 19:40:42,447 ] 85 root - INFO - Hypothesis ba_001: float64, float64 
[ 2023-04-19 19:40:42,454 ] 85 root - INFO - Hypothesis ba_002: float64, float64 
[ 2023-04-19 19:40:42,461 ] 85 root - INFO - Hypothesis ba_003: float64, float64 
[ 2023-04-19 19:40:42,468 ] 85 root - INFO - Hypothesis ba_004: float64, float64 
[ 2023-04-19 19:40:42,474 ] 85 root - INFO - Hypothesis ba_005: float64, float64 
[ 2023-04-19 19:40:42,481 ] 85 root - INFO - Hypothesis ba_006: float64, float64 
[ 2023-04-19 19:40:42,488 ] 85 root - INFO - Hypothesis ba_007: float64, float64 
[ 2023-04-19 19:40:42,494 ] 85 root - INFO - Hypothesis ba_008: float64, float64 
[ 2023-04-19 19:40:42,500 ] 85 root - INFO - Hypothesis ba_009: float64, float64 
[ 2023-04-19 19:40:42,504 ] 85 root - INFO - Hypothesis bb_000: float64, float64 
[ 2023-04-19 19:40:42,511 ] 85 root - INFO - Hypothesis bc_000: float64, float64 
[ 2023-04-19 19:40:42,528 ] 85 root - INFO - Hypothesis bd_000: float64, float64 
[ 2023-04-19 19:40:42,534 ] 85 root - INFO - Hypothesis be_000: float64, float64 
[ 2023-04-19 19:40:42,540 ] 85 root - INFO - Hypothesis bf_000: float64, float64 
[ 2023-04-19 19:40:42,544 ] 85 root - INFO - Hypothesis bg_000: float64, float64 
[ 2023-04-19 19:40:42,553 ] 85 root - INFO - Hypothesis bh_000: float64, float64 
[ 2023-04-19 19:40:42,560 ] 85 root - INFO - Hypothesis bi_000: float64, float64 
[ 2023-04-19 19:40:42,567 ] 85 root - INFO - Hypothesis bj_000: float64, float64 
[ 2023-04-19 19:40:42,574 ] 85 root - INFO - Hypothesis bk_000: float64, float64 
[ 2023-04-19 19:40:42,580 ] 85 root - INFO - Hypothesis bl_000: float64, float64 
[ 2023-04-19 19:40:42,585 ] 85 root - INFO - Hypothesis bm_000: float64, float64 
[ 2023-04-19 19:40:42,589 ] 85 root - INFO - Hypothesis bs_000: float64, float64 
[ 2023-04-19 19:40:42,596 ] 85 root - INFO - Hypothesis bt_000: float64, float64 
[ 2023-04-19 19:40:42,603 ] 85 root - INFO - Hypothesis bu_000: float64, float64 
[ 2023-04-19 19:40:42,610 ] 85 root - INFO - Hypothesis bv_000: float64, float64 
[ 2023-04-19 19:40:42,617 ] 85 root - INFO - Hypothesis bx_000: float64, float64 
[ 2023-04-19 19:40:42,624 ] 85 root - INFO - Hypothesis by_000: float64, float64 
[ 2023-04-19 19:40:42,631 ] 85 root - INFO - Hypothesis bz_000: float64, float64 
[ 2023-04-19 19:40:42,637 ] 85 root - INFO - Hypothesis ca_000: float64, float64 
[ 2023-04-19 19:40:42,644 ] 85 root - INFO - Hypothesis cb_000: float64, float64 
[ 2023-04-19 19:40:42,651 ] 85 root - INFO - Hypothesis cc_000: float64, float64 
[ 2023-04-19 19:40:42,658 ] 85 root - INFO - Hypothesis cd_000: float64, float64 
[ 2023-04-19 19:40:42,673 ] 85 root - INFO - Hypothesis ce_000: float64, float64 
[ 2023-04-19 19:40:42,679 ] 85 root - INFO - Hypothesis cf_000: float64, float64 
[ 2023-04-19 19:40:42,683 ] 85 root - INFO - Hypothesis cg_000: float64, float64 
[ 2023-04-19 19:40:42,688 ] 85 root - INFO - Hypothesis ch_000: float64, float64 
[ 2023-04-19 19:40:42,703 ] 85 root - INFO - Hypothesis ci_000: float64, float64 
[ 2023-04-19 19:40:42,710 ] 85 root - INFO - Hypothesis cj_000: float64, float64 
[ 2023-04-19 19:40:42,714 ] 85 root - INFO - Hypothesis ck_000: float64, float64 
[ 2023-04-19 19:40:42,721 ] 85 root - INFO - Hypothesis cl_000: float64, float64 
[ 2023-04-19 19:40:42,725 ] 85 root - INFO - Hypothesis cm_000: float64, float64 
[ 2023-04-19 19:40:42,730 ] 85 root - INFO - Hypothesis cn_000: float64, float64 
[ 2023-04-19 19:40:42,733 ] 85 root - INFO - Hypothesis cn_001: float64, float64 
[ 2023-04-19 19:40:42,737 ] 85 root - INFO - Hypothesis cn_002: float64, float64 
[ 2023-04-19 19:40:42,742 ] 85 root - INFO - Hypothesis cn_003: float64, float64 
[ 2023-04-19 19:40:42,749 ] 85 root - INFO - Hypothesis cn_004: float64, float64 
[ 2023-04-19 19:40:42,756 ] 85 root - INFO - Hypothesis cn_005: float64, float64 
[ 2023-04-19 19:40:42,763 ] 85 root - INFO - Hypothesis cn_006: float64, float64 
[ 2023-04-19 19:40:42,770 ] 85 root - INFO - Hypothesis cn_007: float64, float64 
[ 2023-04-19 19:40:42,776 ] 85 root - INFO - Hypothesis cn_008: float64, float64 
[ 2023-04-19 19:40:42,782 ] 85 root - INFO - Hypothesis cn_009: float64, float64 
[ 2023-04-19 19:40:42,788 ] 85 root - INFO - Hypothesis co_000: float64, float64 
[ 2023-04-19 19:40:42,792 ] 85 root - INFO - Hypothesis cp_000: float64, float64 
[ 2023-04-19 19:40:42,797 ] 85 root - INFO - Hypothesis cq_000: float64, float64 
[ 2023-04-19 19:40:42,804 ] 85 root - INFO - Hypothesis cs_000: float64, float64 
[ 2023-04-19 19:40:42,811 ] 85 root - INFO - Hypothesis cs_001: float64, float64 
[ 2023-04-19 19:40:42,817 ] 85 root - INFO - Hypothesis cs_002: float64, float64 
[ 2023-04-19 19:40:42,824 ] 85 root - INFO - Hypothesis cs_003: float64, float64 
[ 2023-04-19 19:40:42,830 ] 85 root - INFO - Hypothesis cs_004: float64, float64 
[ 2023-04-19 19:40:42,837 ] 85 root - INFO - Hypothesis cs_005: float64, float64 
[ 2023-04-19 19:40:42,844 ] 85 root - INFO - Hypothesis cs_006: float64, float64 
[ 2023-04-19 19:40:42,852 ] 85 root - INFO - Hypothesis cs_007: float64, float64 
[ 2023-04-19 19:40:42,858 ] 85 root - INFO - Hypothesis cs_008: float64, float64 
[ 2023-04-19 19:40:42,864 ] 85 root - INFO - Hypothesis cs_009: float64, float64 
[ 2023-04-19 19:40:42,879 ] 85 root - INFO - Hypothesis ct_000: float64, float64 
[ 2023-04-19 19:40:42,884 ] 85 root - INFO - Hypothesis cu_000: float64, float64 
[ 2023-04-19 19:40:42,889 ] 85 root - INFO - Hypothesis cv_000: float64, float64 
[ 2023-04-19 19:40:42,895 ] 85 root - INFO - Hypothesis cx_000: float64, float64 
[ 2023-04-19 19:40:42,901 ] 85 root - INFO - Hypothesis cy_000: float64, float64 
[ 2023-04-19 19:40:42,905 ] 85 root - INFO - Hypothesis cz_000: float64, float64 
[ 2023-04-19 19:40:42,911 ] 85 root - INFO - Hypothesis da_000: float64, float64 
[ 2023-04-19 19:40:42,926 ] 85 root - INFO - Hypothesis db_000: float64, float64 
[ 2023-04-19 19:40:42,930 ] 85 root - INFO - Hypothesis dc_000: float64, float64 
[ 2023-04-19 19:40:42,936 ] 85 root - INFO - Hypothesis dd_000: float64, float64 
[ 2023-04-19 19:40:42,943 ] 85 root - INFO - Hypothesis de_000: float64, float64 
[ 2023-04-19 19:40:42,948 ] 85 root - INFO - Hypothesis df_000: float64, float64 
[ 2023-04-19 19:40:42,951 ] 85 root - INFO - Hypothesis dg_000: float64, float64 
[ 2023-04-19 19:40:42,955 ] 85 root - INFO - Hypothesis dh_000: float64, float64 
[ 2023-04-19 19:40:42,958 ] 85 root - INFO - Hypothesis di_000: float64, float64 
[ 2023-04-19 19:40:42,963 ] 85 root - INFO - Hypothesis dj_000: float64, float64 
[ 2023-04-19 19:40:42,966 ] 85 root - INFO - Hypothesis dk_000: float64, float64 
[ 2023-04-19 19:40:42,969 ] 85 root - INFO - Hypothesis dl_000: float64, float64 
[ 2023-04-19 19:40:42,973 ] 85 root - INFO - Hypothesis dm_000: float64, float64 
[ 2023-04-19 19:40:42,988 ] 85 root - INFO - Hypothesis dn_000: float64, float64 
[ 2023-04-19 19:40:42,995 ] 85 root - INFO - Hypothesis do_000: float64, float64 
[ 2023-04-19 19:40:43,001 ] 85 root - INFO - Hypothesis dp_000: float64, float64 
[ 2023-04-19 19:40:43,007 ] 85 root - INFO - Hypothesis dq_000: float64, float64 
[ 2023-04-19 19:40:43,025 ] 85 root - INFO - Hypothesis dr_000: float64, float64 
[ 2023-04-19 19:40:43,042 ] 85 root - INFO - Hypothesis ds_000: float64, float64 
[ 2023-04-19 19:40:43,049 ] 85 root - INFO - Hypothesis dt_000: float64, float64 
[ 2023-04-19 19:40:43,055 ] 85 root - INFO - Hypothesis du_000: float64, float64 
[ 2023-04-19 19:40:43,062 ] 85 root - INFO - Hypothesis dv_000: float64, float64 
[ 2023-04-19 19:40:43,069 ] 85 root - INFO - Hypothesis dx_000: float64, float64 
[ 2023-04-19 19:40:43,074 ] 85 root - INFO - Hypothesis dy_000: float64, float64 
[ 2023-04-19 19:40:43,078 ] 85 root - INFO - Hypothesis dz_000: float64, float64 
[ 2023-04-19 19:40:43,093 ] 85 root - INFO - Hypothesis ea_000: float64, float64 
[ 2023-04-19 19:40:43,109 ] 85 root - INFO - Hypothesis eb_000: float64, float64 
[ 2023-04-19 19:40:43,115 ] 85 root - INFO - Hypothesis ec_00: float64, float64 
[ 2023-04-19 19:40:43,122 ] 85 root - INFO - Hypothesis ed_000: float64, float64 
[ 2023-04-19 19:40:43,128 ] 85 root - INFO - Hypothesis ee_000: float64, float64 
[ 2023-04-19 19:40:43,135 ] 85 root - INFO - Hypothesis ee_001: float64, float64 
[ 2023-04-19 19:40:43,142 ] 85 root - INFO - Hypothesis ee_002: float64, float64 
[ 2023-04-19 19:40:43,150 ] 85 root - INFO - Hypothesis ee_003: float64, float64 
[ 2023-04-19 19:40:43,156 ] 85 root - INFO - Hypothesis ee_004: float64, float64 
[ 2023-04-19 19:40:43,163 ] 85 root - INFO - Hypothesis ee_005: float64, float64 
[ 2023-04-19 19:40:43,170 ] 85 root - INFO - Hypothesis ee_006: float64, float64 
[ 2023-04-19 19:40:43,177 ] 85 root - INFO - Hypothesis ee_007: float64, float64 
[ 2023-04-19 19:40:43,183 ] 85 root - INFO - Hypothesis ee_008: float64, float64 
[ 2023-04-19 19:40:43,189 ] 85 root - INFO - Hypothesis ee_009: float64, float64 
[ 2023-04-19 19:40:43,194 ] 85 root - INFO - Hypothesis ef_000: float64, float64 
[ 2023-04-19 19:40:43,209 ] 85 root - INFO - Hypothesis eg_000: float64, float64 
[ 2023-04-19 19:40:43,224 ] 144 root - INFO - Write reprt in yaml file
