[ 2023-04-19 19:39:04,757 ] 16 root - INFO - >>>>>>>>>>>>>>>>>>>>>>>>>>>>>>>>>>>>>>>> Data Ingestion <<<<<<<<<<<<<<<<<<<<<<<<<<<<<<<<<<<<<<<<
[ 2023-04-19 19:39:04,758 ] 24 root - INFO - Exporting collection data as pandas dataframe
[ 2023-04-19 19:39:04,758 ] 21 root - INFO - reading data from database: {database_name} and collection {collection_name}
[ 2023-04-19 19:39:08,205 ] 23 root - INFO - Found columns: Index(['_id', 'class', 'aa_000', 'ab_000', 'ac_000', 'ad_000', 'ae_000',
       'af_000', 'ag_000', 'ag_001',
       ...
       'ee_002', 'ee_003', 'ee_004', 'ee_005', 'ee_006', 'ee_007', 'ee_008',
       'ee_009', 'ef_000', 'eg_000'],
      dtype='object', length=172)
[ 2023-04-19 19:39:08,205 ] 25 root - INFO - Dropping column: _id 
[ 2023-04-19 19:39:08,400 ] 27 root - INFO - Row and columns in df: (36188, 171)
[ 2023-04-19 19:39:08,400 ] 30 root - INFO - Save data in feature store
[ 2023-04-19 19:39:09,760 ] 36 root - INFO - Create feature store folder if not available
[ 2023-04-19 19:39:09,760 ] 40 root - INFO - Save df to feature store folder
[ 2023-04-19 19:39:11,483 ] 45 root - INFO - split dataset into train and test set
[ 2023-04-19 19:39:11,813 ] 49 root - INFO - create dataset directory folder if not available
[ 2023-04-19 19:39:11,813 ] 54 root - INFO - Save df to feature store folder
[ 2023-04-19 19:39:13,717 ] 66 root - INFO - Data ingestion artifact: DataIngestionArtifact(feature_store_file_path='/config/workspace/artifact/04192023__193904/data_ingestion/feature_store/sensor.csv', train_file_path='/config/workspace/artifact/04192023__193904/data_ingestion/dataset/train.csv', test_file_path='/config/workspace/artifact/04192023__193904/data_ingestion/dataset/test.csv')
[ 2023-04-19 19:39:14,130 ] 19 root - INFO - >>>>>>>>>>>>>>>>>>>>>>>>>>>>>>>>>>>>>>>> Data Validation <<<<<<<<<<<<<<<<<<<<<<<<<<<<<<<<<<<<<<<<
[ 2023-04-19 19:39:14,131 ] 107 root - INFO - Reading base dataframe
[ 2023-04-19 19:39:16,399 ] 110 root - INFO - Replace na value in base df
[ 2023-04-19 19:39:16,399 ] 112 root - INFO - Drop null values colums from base df
[ 2023-04-19 19:39:16,619 ] 41 root - INFO - selecting column name which contains null above to 0.7
[ 2023-04-19 19:39:16,620 ] 44 root - INFO - Columns to drop: ['ab_000', 'bn_000', 'bo_000', 'bp_000', 'bq_000', 'br_000', 'cr_000']
[ 2023-04-19 19:39:16,712 ] 115 root - INFO - Reading train dataframe
[ 2023-04-19 19:39:17,091 ] 117 root - INFO - Reading test dataframe
[ 2023-04-19 19:39:17,189 ] 120 root - INFO - Drop null values colums from train df
[ 2023-04-19 19:39:17,198 ] 41 root - INFO - selecting column name which contains null above to 0.7
[ 2023-04-19 19:39:17,198 ] 44 root - INFO - Columns to drop: ['ab_000', 'bn_000', 'bo_000', 'bp_000', 'bq_000', 'br_000', 'cr_000']
[ 2023-04-19 19:39:17,208 ] 122 root - INFO - Drop null values colums from test df
[ 2023-04-19 19:39:17,211 ] 41 root - INFO - selecting column name which contains null above to 0.7
[ 2023-04-19 19:39:17,212 ] 44 root - INFO - Columns to drop: ['ab_000', 'bn_000', 'bo_000', 'bp_000', 'bq_000', 'br_000', 'cr_000']
[ 2023-04-19 19:39:18,047 ] 131 root - INFO - Is all required columns present in train df
[ 2023-04-19 19:39:18,048 ] 133 root - INFO - Is all required columns present in test df
[ 2023-04-19 19:39:18,048 ] 137 root - INFO - As all column are available in train df hence detecting data drift
[ 2023-04-19 19:39:18,048 ] 85 root - INFO - Hypothesis class: object, object 
[ 2023-04-19 19:39:18,180 ] 85 root - INFO - Hypothesis aa_000: float64, float64 
[ 2023-04-19 19:39:18,190 ] 85 root - INFO - Hypothesis ac_000: float64, float64 
[ 2023-04-19 19:39:18,230 ] 85 root - INFO - Hypothesis ad_000: float64, float64 
[ 2023-04-19 19:39:18,270 ] 85 root - INFO - Hypothesis ae_000: float64, float64 
[ 2023-04-19 19:39:18,306 ] 85 root - INFO - Hypothesis af_000: float64, float64 
[ 2023-04-19 19:39:18,342 ] 85 root - INFO - Hypothesis ag_000: float64, float64 
[ 2023-04-19 19:39:18,378 ] 85 root - INFO - Hypothesis ag_001: float64, float64 
[ 2023-04-19 19:39:18,415 ] 85 root - INFO - Hypothesis ag_002: float64, float64 
[ 2023-04-19 19:39:18,451 ] 85 root - INFO - Hypothesis ag_003: float64, float64 
[ 2023-04-19 19:39:18,490 ] 85 root - INFO - Hypothesis ag_004: float64, float64 
[ 2023-04-19 19:39:18,532 ] 85 root - INFO - Hypothesis ag_005: float64, float64 
[ 2023-04-19 19:39:18,542 ] 85 root - INFO - Hypothesis ag_006: float64, float64 
[ 2023-04-19 19:39:18,553 ] 85 root - INFO - Hypothesis ag_007: float64, float64 
[ 2023-04-19 19:39:18,562 ] 85 root - INFO - Hypothesis ag_008: float64, float64 
[ 2023-04-19 19:39:18,604 ] 85 root - INFO - Hypothesis ag_009: float64, float64 
[ 2023-04-19 19:39:18,643 ] 85 root - INFO - Hypothesis ah_000: float64, float64 
[ 2023-04-19 19:39:18,654 ] 85 root - INFO - Hypothesis ai_000: float64, float64 
[ 2023-04-19 19:39:18,691 ] 85 root - INFO - Hypothesis aj_000: float64, float64 
[ 2023-04-19 19:39:18,729 ] 85 root - INFO - Hypothesis ak_000: float64, float64 
[ 2023-04-19 19:39:18,765 ] 85 root - INFO - Hypothesis al_000: float64, float64 
[ 2023-04-19 19:39:18,772 ] 85 root - INFO - Hypothesis am_0: float64, float64 
[ 2023-04-19 19:39:18,779 ] 85 root - INFO - Hypothesis an_000: float64, float64 
[ 2023-04-19 19:39:18,790 ] 85 root - INFO - Hypothesis ao_000: float64, float64 
[ 2023-04-19 19:39:18,800 ] 85 root - INFO - Hypothesis ap_000: float64, float64 
[ 2023-04-19 19:39:18,811 ] 85 root - INFO - Hypothesis aq_000: float64, float64 
[ 2023-04-19 19:39:18,821 ] 85 root - INFO - Hypothesis ar_000: float64, float64 
[ 2023-04-19 19:39:18,858 ] 85 root - INFO - Hypothesis as_000: float64, float64 
[ 2023-04-19 19:39:18,894 ] 85 root - INFO - Hypothesis at_000: float64, float64 
[ 2023-04-19 19:39:18,931 ] 85 root - INFO - Hypothesis au_000: float64, float64 
[ 2023-04-19 19:39:18,967 ] 85 root - INFO - Hypothesis av_000: float64, float64 
[ 2023-04-19 19:39:18,976 ] 85 root - INFO - Hypothesis ax_000: float64, float64 
[ 2023-04-19 19:39:18,984 ] 85 root - INFO - Hypothesis ay_000: float64, float64 
[ 2023-04-19 19:39:19,019 ] 85 root - INFO - Hypothesis ay_001: float64, float64 
[ 2023-04-19 19:39:19,055 ] 85 root - INFO - Hypothesis ay_002: float64, float64 
[ 2023-04-19 19:39:19,091 ] 85 root - INFO - Hypothesis ay_003: float64, float64 
[ 2023-04-19 19:39:19,128 ] 85 root - INFO - Hypothesis ay_004: float64, float64 
[ 2023-04-19 19:39:19,164 ] 85 root - INFO - Hypothesis ay_005: float64, float64 
[ 2023-04-19 19:39:19,204 ] 85 root - INFO - Hypothesis ay_006: float64, float64 
[ 2023-04-19 19:39:19,245 ] 85 root - INFO - Hypothesis ay_007: float64, float64 
[ 2023-04-19 19:39:19,255 ] 85 root - INFO - Hypothesis ay_008: float64, float64 
[ 2023-04-19 19:39:19,265 ] 85 root - INFO - Hypothesis ay_009: float64, float64 
[ 2023-04-19 19:39:19,300 ] 85 root - INFO - Hypothesis az_000: float64, float64 
[ 2023-04-19 19:39:19,310 ] 85 root - INFO - Hypothesis az_001: float64, float64 
[ 2023-04-19 19:39:19,319 ] 85 root - INFO - Hypothesis az_002: float64, float64 
[ 2023-04-19 19:39:19,328 ] 85 root - INFO - Hypothesis az_003: float64, float64 
[ 2023-04-19 19:39:19,338 ] 85 root - INFO - Hypothesis az_004: float64, float64 
[ 2023-04-19 19:39:19,349 ] 85 root - INFO - Hypothesis az_005: float64, float64 
[ 2023-04-19 19:39:19,359 ] 85 root - INFO - Hypothesis az_006: float64, float64 
[ 2023-04-19 19:39:19,401 ] 85 root - INFO - Hypothesis az_007: float64, float64 
[ 2023-04-19 19:39:19,438 ] 85 root - INFO - Hypothesis az_008: float64, float64 
[ 2023-04-19 19:39:19,475 ] 85 root - INFO - Hypothesis az_009: float64, float64 
[ 2023-04-19 19:39:19,511 ] 85 root - INFO - Hypothesis ba_000: float64, float64 
[ 2023-04-19 19:39:19,522 ] 85 root - INFO - Hypothesis ba_001: float64, float64 
[ 2023-04-19 19:39:19,532 ] 85 root - INFO - Hypothesis ba_002: float64, float64 
[ 2023-04-19 19:39:19,543 ] 85 root - INFO - Hypothesis ba_003: float64, float64 
[ 2023-04-19 19:39:19,553 ] 85 root - INFO - Hypothesis ba_004: float64, float64 
[ 2023-04-19 19:39:19,563 ] 85 root - INFO - Hypothesis ba_005: float64, float64 
[ 2023-04-19 19:39:19,573 ] 85 root - INFO - Hypothesis ba_006: float64, float64 
[ 2023-04-19 19:39:19,583 ] 85 root - INFO - Hypothesis ba_007: float64, float64 
[ 2023-04-19 19:39:19,625 ] 85 root - INFO - Hypothesis ba_008: float64, float64 
[ 2023-04-19 19:39:19,666 ] 85 root - INFO - Hypothesis ba_009: float64, float64 
[ 2023-04-19 19:39:19,672 ] 85 root - INFO - Hypothesis bb_000: float64, float64 
[ 2023-04-19 19:39:19,683 ] 85 root - INFO - Hypothesis bc_000: float64, float64 
[ 2023-04-19 19:39:19,727 ] 85 root - INFO - Hypothesis bd_000: float64, float64 
[ 2023-04-19 19:39:19,735 ] 85 root - INFO - Hypothesis be_000: float64, float64 
[ 2023-04-19 19:39:19,743 ] 85 root - INFO - Hypothesis bf_000: float64, float64 
[ 2023-04-19 19:39:19,782 ] 85 root - INFO - Hypothesis bg_000: float64, float64 
[ 2023-04-19 19:39:19,793 ] 85 root - INFO - Hypothesis bh_000: float64, float64 
[ 2023-04-19 19:39:19,803 ] 85 root - INFO - Hypothesis bi_000: float64, float64 
[ 2023-04-19 19:39:19,814 ] 85 root - INFO - Hypothesis bj_000: float64, float64 
[ 2023-04-19 19:39:19,824 ] 85 root - INFO - Hypothesis bk_000: float64, float64 
[ 2023-04-19 19:39:19,833 ] 85 root - INFO - Hypothesis bl_000: float64, float64 
[ 2023-04-19 19:39:19,841 ] 85 root - INFO - Hypothesis bm_000: float64, float64 
[ 2023-04-19 19:39:19,880 ] 85 root - INFO - Hypothesis bs_000: float64, float64 
[ 2023-04-19 19:39:19,890 ] 85 root - INFO - Hypothesis bt_000: float64, float64 
[ 2023-04-19 19:39:19,901 ] 85 root - INFO - Hypothesis bu_000: float64, float64 
[ 2023-04-19 19:39:19,911 ] 85 root - INFO - Hypothesis bv_000: float64, float64 
[ 2023-04-19 19:39:19,922 ] 85 root - INFO - Hypothesis bx_000: float64, float64 
[ 2023-04-19 19:39:19,932 ] 85 root - INFO - Hypothesis by_000: float64, float64 
[ 2023-04-19 19:39:19,942 ] 85 root - INFO - Hypothesis bz_000: float64, float64 
[ 2023-04-19 19:39:19,951 ] 85 root - INFO - Hypothesis ca_000: float64, float64 
[ 2023-04-19 19:39:19,961 ] 85 root - INFO - Hypothesis cb_000: float64, float64 
[ 2023-04-19 19:39:19,973 ] 85 root - INFO - Hypothesis cc_000: float64, float64 
[ 2023-04-19 19:39:19,983 ] 85 root - INFO - Hypothesis cd_000: float64, float64 
[ 2023-04-19 19:39:20,020 ] 85 root - INFO - Hypothesis ce_000: float64, float64 
[ 2023-04-19 19:39:20,030 ] 85 root - INFO - Hypothesis cf_000: float64, float64 
[ 2023-04-19 19:39:20,036 ] 85 root - INFO - Hypothesis cg_000: float64, float64 
[ 2023-04-19 19:39:20,075 ] 85 root - INFO - Hypothesis ch_000: float64, float64 
[ 2023-04-19 19:39:20,114 ] 85 root - INFO - Hypothesis ci_000: float64, float64 
[ 2023-04-19 19:39:20,125 ] 85 root - INFO - Hypothesis cj_000: float64, float64 
[ 2023-04-19 19:39:20,163 ] 85 root - INFO - Hypothesis ck_000: float64, float64 
[ 2023-04-19 19:39:20,173 ] 85 root - INFO - Hypothesis cl_000: float64, float64 
[ 2023-04-19 19:39:20,212 ] 85 root - INFO - Hypothesis cm_000: float64, float64 
[ 2023-04-19 19:39:20,251 ] 85 root - INFO - Hypothesis cn_000: float64, float64 
[ 2023-04-19 19:39:20,288 ] 85 root - INFO - Hypothesis cn_001: float64, float64 
[ 2023-04-19 19:39:20,325 ] 85 root - INFO - Hypothesis cn_002: float64, float64 
[ 2023-04-19 19:39:20,333 ] 85 root - INFO - Hypothesis cn_003: float64, float64 
[ 2023-04-19 19:39:20,344 ] 85 root - INFO - Hypothesis cn_004: float64, float64 
[ 2023-04-19 19:39:20,354 ] 85 root - INFO - Hypothesis cn_005: float64, float64 
[ 2023-04-19 19:39:20,365 ] 85 root - INFO - Hypothesis cn_006: float64, float64 
[ 2023-04-19 19:39:20,375 ] 85 root - INFO - Hypothesis cn_007: float64, float64 
[ 2023-04-19 19:39:20,384 ] 85 root - INFO - Hypothesis cn_008: float64, float64 
[ 2023-04-19 19:39:20,426 ] 85 root - INFO - Hypothesis cn_009: float64, float64 
[ 2023-04-19 19:39:20,466 ] 85 root - INFO - Hypothesis co_000: float64, float64 
[ 2023-04-19 19:39:20,505 ] 85 root - INFO - Hypothesis cp_000: float64, float64 
[ 2023-04-19 19:39:20,545 ] 85 root - INFO - Hypothesis cq_000: float64, float64 
[ 2023-04-19 19:39:20,555 ] 85 root - INFO - Hypothesis cs_000: float64, float64 
[ 2023-04-19 19:39:20,565 ] 85 root - INFO - Hypothesis cs_001: float64, float64 
[ 2023-04-19 19:39:20,574 ] 85 root - INFO - Hypothesis cs_002: float64, float64 
[ 2023-04-19 19:39:20,584 ] 85 root - INFO - Hypothesis cs_003: float64, float64 
[ 2023-04-19 19:39:20,594 ] 85 root - INFO - Hypothesis cs_004: float64, float64 
[ 2023-04-19 19:39:20,604 ] 85 root - INFO - Hypothesis cs_005: float64, float64 
[ 2023-04-19 19:39:20,615 ] 85 root - INFO - Hypothesis cs_006: float64, float64 
[ 2023-04-19 19:39:20,625 ] 85 root - INFO - Hypothesis cs_007: float64, float64 
[ 2023-04-19 19:39:20,636 ] 85 root - INFO - Hypothesis cs_008: float64, float64 
[ 2023-04-19 19:39:20,675 ] 85 root - INFO - Hypothesis cs_009: float64, float64 
[ 2023-04-19 19:39:20,712 ] 85 root - INFO - Hypothesis ct_000: float64, float64 
[ 2023-04-19 19:39:20,752 ] 85 root - INFO - Hypothesis cu_000: float64, float64 
[ 2023-04-19 19:39:20,792 ] 85 root - INFO - Hypothesis cv_000: float64, float64 
[ 2023-04-19 19:39:20,801 ] 85 root - INFO - Hypothesis cx_000: float64, float64 
[ 2023-04-19 19:39:20,842 ] 85 root - INFO - Hypothesis cy_000: float64, float64 
[ 2023-04-19 19:39:20,881 ] 85 root - INFO - Hypothesis cz_000: float64, float64 
[ 2023-04-19 19:39:20,889 ] 85 root - INFO - Hypothesis da_000: float64, float64 
[ 2023-04-19 19:39:20,926 ] 85 root - INFO - Hypothesis db_000: float64, float64 
[ 2023-04-19 19:39:20,932 ] 85 root - INFO - Hypothesis dc_000: float64, float64 
[ 2023-04-19 19:39:20,941 ] 85 root - INFO - Hypothesis dd_000: float64, float64 
[ 2023-04-19 19:39:20,951 ] 85 root - INFO - Hypothesis de_000: float64, float64 
[ 2023-04-19 19:39:20,959 ] 85 root - INFO - Hypothesis df_000: float64, float64 
[ 2023-04-19 19:39:20,998 ] 85 root - INFO - Hypothesis dg_000: float64, float64 
[ 2023-04-19 19:39:21,035 ] 85 root - INFO - Hypothesis dh_000: float64, float64 
[ 2023-04-19 19:39:21,077 ] 85 root - INFO - Hypothesis di_000: float64, float64 
[ 2023-04-19 19:39:21,115 ] 85 root - INFO - Hypothesis dj_000: float64, float64 
[ 2023-04-19 19:39:21,151 ] 85 root - INFO - Hypothesis dk_000: float64, float64 
[ 2023-04-19 19:39:21,188 ] 85 root - INFO - Hypothesis dl_000: float64, float64 
[ 2023-04-19 19:39:21,224 ] 85 root - INFO - Hypothesis dm_000: float64, float64 
[ 2023-04-19 19:39:21,261 ] 85 root - INFO - Hypothesis dn_000: float64, float64 
[ 2023-04-19 19:39:21,271 ] 85 root - INFO - Hypothesis do_000: float64, float64 
[ 2023-04-19 19:39:21,280 ] 85 root - INFO - Hypothesis dp_000: float64, float64 
[ 2023-04-19 19:39:21,289 ] 85 root - INFO - Hypothesis dq_000: float64, float64 
[ 2023-04-19 19:39:21,329 ] 85 root - INFO - Hypothesis dr_000: float64, float64 
[ 2023-04-19 19:39:21,368 ] 85 root - INFO - Hypothesis ds_000: float64, float64 
[ 2023-04-19 19:39:21,378 ] 85 root - INFO - Hypothesis dt_000: float64, float64 
[ 2023-04-19 19:39:21,388 ] 85 root - INFO - Hypothesis du_000: float64, float64 
[ 2023-04-19 19:39:21,398 ] 85 root - INFO - Hypothesis dv_000: float64, float64 
[ 2023-04-19 19:39:21,408 ] 85 root - INFO - Hypothesis dx_000: float64, float64 
[ 2023-04-19 19:39:21,447 ] 85 root - INFO - Hypothesis dy_000: float64, float64 
[ 2023-04-19 19:39:21,485 ] 85 root - INFO - Hypothesis dz_000: float64, float64 
[ 2023-04-19 19:39:21,522 ] 85 root - INFO - Hypothesis ea_000: float64, float64 
[ 2023-04-19 19:39:21,559 ] 85 root - INFO - Hypothesis eb_000: float64, float64 
[ 2023-04-19 19:39:21,567 ] 85 root - INFO - Hypothesis ec_00: float64, float64 
[ 2023-04-19 19:39:21,577 ] 85 root - INFO - Hypothesis ed_000: float64, float64 
[ 2023-04-19 19:39:21,585 ] 85 root - INFO - Hypothesis ee_000: float64, float64 
[ 2023-04-19 19:39:21,596 ] 85 root - INFO - Hypothesis ee_001: float64, float64 
[ 2023-04-19 19:39:21,606 ] 85 root - INFO - Hypothesis ee_002: float64, float64 
[ 2023-04-19 19:39:21,617 ] 85 root - INFO - Hypothesis ee_003: float64, float64 
[ 2023-04-19 19:39:21,627 ] 85 root - INFO - Hypothesis ee_004: float64, float64 
[ 2023-04-19 19:39:21,637 ] 85 root - INFO - Hypothesis ee_005: float64, float64 
[ 2023-04-19 19:39:21,647 ] 85 root - INFO - Hypothesis ee_006: float64, float64 
[ 2023-04-19 19:39:21,657 ] 85 root - INFO - Hypothesis ee_007: float64, float64 
[ 2023-04-19 19:39:21,666 ] 85 root - INFO - Hypothesis ee_008: float64, float64 
[ 2023-04-19 19:39:21,675 ] 85 root - INFO - Hypothesis ee_009: float64, float64 
[ 2023-04-19 19:39:21,683 ] 85 root - INFO - Hypothesis ef_000: float64, float64 
[ 2023-04-19 19:39:21,720 ] 85 root - INFO - Hypothesis eg_000: float64, float64 
[ 2023-04-19 19:39:21,757 ] 140 root - INFO - As all column are available in test df hence detecting data drift
[ 2023-04-19 19:39:21,757 ] 85 root - INFO - Hypothesis class: object, object 
[ 2023-04-19 19:39:21,834 ] 85 root - INFO - Hypothesis aa_000: float64, float64 
[ 2023-04-19 19:39:21,841 ] 85 root - INFO - Hypothesis ac_000: float64, float64 
[ 2023-04-19 19:39:21,847 ] 85 root - INFO - Hypothesis ad_000: float64, float64 
[ 2023-04-19 19:39:21,852 ] 85 root - INFO - Hypothesis ae_000: float64, float64 
[ 2023-04-19 19:39:21,868 ] 85 root - INFO - Hypothesis af_000: float64, float64 
[ 2023-04-19 19:39:21,883 ] 85 root - INFO - Hypothesis ag_000: float64, float64 
[ 2023-04-19 19:39:21,898 ] 85 root - INFO - Hypothesis ag_001: float64, float64 
[ 2023-04-19 19:39:21,913 ] 85 root - INFO - Hypothesis ag_002: float64, float64 
[ 2023-04-19 19:39:21,929 ] 85 root - INFO - Hypothesis ag_003: float64, float64 
[ 2023-04-19 19:39:21,933 ] 85 root - INFO - Hypothesis ag_004: float64, float64 
[ 2023-04-19 19:39:21,940 ] 85 root - INFO - Hypothesis ag_005: float64, float64 
[ 2023-04-19 19:39:21,947 ] 85 root - INFO - Hypothesis ag_006: float64, float64 
[ 2023-04-19 19:39:21,954 ] 85 root - INFO - Hypothesis ag_007: float64, float64 
[ 2023-04-19 19:39:21,960 ] 85 root - INFO - Hypothesis ag_008: float64, float64 
[ 2023-04-19 19:39:21,967 ] 85 root - INFO - Hypothesis ag_009: float64, float64 
[ 2023-04-19 19:39:21,972 ] 85 root - INFO - Hypothesis ah_000: float64, float64 
[ 2023-04-19 19:39:21,979 ] 85 root - INFO - Hypothesis ai_000: float64, float64 
[ 2023-04-19 19:39:21,983 ] 85 root - INFO - Hypothesis aj_000: float64, float64 
[ 2023-04-19 19:39:21,987 ] 85 root - INFO - Hypothesis ak_000: float64, float64 
[ 2023-04-19 19:39:22,003 ] 85 root - INFO - Hypothesis al_000: float64, float64 
[ 2023-04-19 19:39:22,008 ] 85 root - INFO - Hypothesis am_0: float64, float64 
[ 2023-04-19 19:39:22,013 ] 85 root - INFO - Hypothesis an_000: float64, float64 
[ 2023-04-19 19:39:22,020 ] 85 root - INFO - Hypothesis ao_000: float64, float64 
[ 2023-04-19 19:39:22,027 ] 85 root - INFO - Hypothesis ap_000: float64, float64 
[ 2023-04-19 19:39:22,035 ] 85 root - INFO - Hypothesis aq_000: float64, float64 
[ 2023-04-19 19:39:22,042 ] 85 root - INFO - Hypothesis ar_000: float64, float64 
[ 2023-04-19 19:39:22,058 ] 85 root - INFO - Hypothesis as_000: float64, float64 
[ 2023-04-19 19:39:22,073 ] 85 root - INFO - Hypothesis at_000: float64, float64 
[ 2023-04-19 19:39:22,088 ] 85 root - INFO - Hypothesis au_000: float64, float64 
[ 2023-04-19 19:39:22,103 ] 85 root - INFO - Hypothesis av_000: float64, float64 
[ 2023-04-19 19:39:22,109 ] 85 root - INFO - Hypothesis ax_000: float64, float64 
[ 2023-04-19 19:39:22,114 ] 85 root - INFO - Hypothesis ay_000: float64, float64 
[ 2023-04-19 19:39:22,130 ] 85 root - INFO - Hypothesis ay_001: float64, float64 
[ 2023-04-19 19:39:22,145 ] 85 root - INFO - Hypothesis ay_002: float64, float64 
[ 2023-04-19 19:39:22,160 ] 85 root - INFO - Hypothesis ay_003: float64, float64 
[ 2023-04-19 19:39:22,175 ] 85 root - INFO - Hypothesis ay_004: float64, float64 
[ 2023-04-19 19:39:22,191 ] 85 root - INFO - Hypothesis ay_005: float64, float64 
[ 2023-04-19 19:39:22,196 ] 85 root - INFO - Hypothesis ay_006: float64, float64 
[ 2023-04-19 19:39:22,202 ] 85 root - INFO - Hypothesis ay_007: float64, float64 
[ 2023-04-19 19:39:22,209 ] 85 root - INFO - Hypothesis ay_008: float64, float64 
[ 2023-04-19 19:39:22,216 ] 85 root - INFO - Hypothesis ay_009: float64, float64 
[ 2023-04-19 19:39:22,231 ] 85 root - INFO - Hypothesis az_000: float64, float64 
[ 2023-04-19 19:39:22,238 ] 85 root - INFO - Hypothesis az_001: float64, float64 
[ 2023-04-19 19:39:22,244 ] 85 root - INFO - Hypothesis az_002: float64, float64 
[ 2023-04-19 19:39:22,250 ] 85 root - INFO - Hypothesis az_003: float64, float64 
[ 2023-04-19 19:39:22,257 ] 85 root - INFO - Hypothesis az_004: float64, float64 
[ 2023-04-19 19:39:22,264 ] 85 root - INFO - Hypothesis az_005: float64, float64 
[ 2023-04-19 19:39:22,271 ] 85 root - INFO - Hypothesis az_006: float64, float64 
[ 2023-04-19 19:39:22,277 ] 85 root - INFO - Hypothesis az_007: float64, float64 
[ 2023-04-19 19:39:22,281 ] 85 root - INFO - Hypothesis az_008: float64, float64 
[ 2023-04-19 19:39:22,297 ] 85 root - INFO - Hypothesis az_009: float64, float64 
[ 2023-04-19 19:39:22,312 ] 85 root - INFO - Hypothesis ba_000: float64, float64 
[ 2023-04-19 19:39:22,319 ] 85 root - INFO - Hypothesis ba_001: float64, float64 
[ 2023-04-19 19:39:22,326 ] 85 root - INFO - Hypothesis ba_002: float64, float64 
[ 2023-04-19 19:39:22,333 ] 85 root - INFO - Hypothesis ba_003: float64, float64 
[ 2023-04-19 19:39:22,340 ] 85 root - INFO - Hypothesis ba_004: float64, float64 
[ 2023-04-19 19:39:22,347 ] 85 root - INFO - Hypothesis ba_005: float64, float64 
[ 2023-04-19 19:39:22,354 ] 85 root - INFO - Hypothesis ba_006: float64, float64 
[ 2023-04-19 19:39:22,360 ] 85 root - INFO - Hypothesis ba_007: float64, float64 
[ 2023-04-19 19:39:22,367 ] 85 root - INFO - Hypothesis ba_008: float64, float64 
[ 2023-04-19 19:39:22,372 ] 85 root - INFO - Hypothesis ba_009: float64, float64 
[ 2023-04-19 19:39:22,377 ] 85 root - INFO - Hypothesis bb_000: float64, float64 
[ 2023-04-19 19:39:22,384 ] 85 root - INFO - Hypothesis bc_000: float64, float64 
[ 2023-04-19 19:39:22,389 ] 85 root - INFO - Hypothesis bd_000: float64, float64 
[ 2023-04-19 19:39:22,395 ] 85 root - INFO - Hypothesis be_000: float64, float64 
[ 2023-04-19 19:39:22,400 ] 85 root - INFO - Hypothesis bf_000: float64, float64 
[ 2023-04-19 19:39:22,405 ] 85 root - INFO - Hypothesis bg_000: float64, float64 
[ 2023-04-19 19:39:22,412 ] 85 root - INFO - Hypothesis bh_000: float64, float64 
[ 2023-04-19 19:39:22,420 ] 85 root - INFO - Hypothesis bi_000: float64, float64 
[ 2023-04-19 19:39:22,427 ] 85 root - INFO - Hypothesis bj_000: float64, float64 
[ 2023-04-19 19:39:22,435 ] 85 root - INFO - Hypothesis bk_000: float64, float64 
[ 2023-04-19 19:39:22,440 ] 85 root - INFO - Hypothesis bl_000: float64, float64 
[ 2023-04-19 19:39:22,447 ] 85 root - INFO - Hypothesis bm_000: float64, float64 
[ 2023-04-19 19:39:22,452 ] 85 root - INFO - Hypothesis bs_000: float64, float64 
[ 2023-04-19 19:39:22,459 ] 85 root - INFO - Hypothesis bt_000: float64, float64 
[ 2023-04-19 19:39:22,466 ] 85 root - INFO - Hypothesis bu_000: float64, float64 
[ 2023-04-19 19:39:22,473 ] 85 root - INFO - Hypothesis bv_000: float64, float64 
[ 2023-04-19 19:39:22,480 ] 85 root - INFO - Hypothesis bx_000: float64, float64 
[ 2023-04-19 19:39:22,486 ] 85 root - INFO - Hypothesis by_000: float64, float64 
[ 2023-04-19 19:39:22,493 ] 85 root - INFO - Hypothesis bz_000: float64, float64 
[ 2023-04-19 19:39:22,499 ] 85 root - INFO - Hypothesis ca_000: float64, float64 
[ 2023-04-19 19:39:22,506 ] 85 root - INFO - Hypothesis cb_000: float64, float64 
[ 2023-04-19 19:39:22,513 ] 85 root - INFO - Hypothesis cc_000: float64, float64 
[ 2023-04-19 19:39:22,520 ] 85 root - INFO - Hypothesis cd_000: float64, float64 
[ 2023-04-19 19:39:22,535 ] 85 root - INFO - Hypothesis ce_000: float64, float64 
[ 2023-04-19 19:39:22,541 ] 85 root - INFO - Hypothesis cf_000: float64, float64 
[ 2023-04-19 19:39:22,545 ] 85 root - INFO - Hypothesis cg_000: float64, float64 
[ 2023-04-19 19:39:22,550 ] 85 root - INFO - Hypothesis ch_000: float64, float64 
[ 2023-04-19 19:39:22,566 ] 85 root - INFO - Hypothesis ci_000: float64, float64 
[ 2023-04-19 19:39:22,573 ] 85 root - INFO - Hypothesis cj_000: float64, float64 
[ 2023-04-19 19:39:22,577 ] 85 root - INFO - Hypothesis ck_000: float64, float64 
[ 2023-04-19 19:39:22,584 ] 85 root - INFO - Hypothesis cl_000: float64, float64 
[ 2023-04-19 19:39:22,588 ] 85 root - INFO - Hypothesis cm_000: float64, float64 
[ 2023-04-19 19:39:22,593 ] 85 root - INFO - Hypothesis cn_000: float64, float64 
[ 2023-04-19 19:39:22,608 ] 85 root - INFO - Hypothesis cn_001: float64, float64 
[ 2023-04-19 19:39:22,612 ] 85 root - INFO - Hypothesis cn_002: float64, float64 
[ 2023-04-19 19:39:22,617 ] 85 root - INFO - Hypothesis cn_003: float64, float64 
[ 2023-04-19 19:39:22,624 ] 85 root - INFO - Hypothesis cn_004: float64, float64 
[ 2023-04-19 19:39:22,631 ] 85 root - INFO - Hypothesis cn_005: float64, float64 
[ 2023-04-19 19:39:22,638 ] 85 root - INFO - Hypothesis cn_006: float64, float64 
[ 2023-04-19 19:39:22,645 ] 85 root - INFO - Hypothesis cn_007: float64, float64 
[ 2023-04-19 19:39:22,651 ] 85 root - INFO - Hypothesis cn_008: float64, float64 
[ 2023-04-19 19:39:22,657 ] 85 root - INFO - Hypothesis cn_009: float64, float64 
[ 2023-04-19 19:39:22,662 ] 85 root - INFO - Hypothesis co_000: float64, float64 
[ 2023-04-19 19:39:22,667 ] 85 root - INFO - Hypothesis cp_000: float64, float64 
[ 2023-04-19 19:39:22,672 ] 85 root - INFO - Hypothesis cq_000: float64, float64 
[ 2023-04-19 19:39:22,679 ] 85 root - INFO - Hypothesis cs_000: float64, float64 
[ 2023-04-19 19:39:22,686 ] 85 root - INFO - Hypothesis cs_001: float64, float64 
[ 2023-04-19 19:39:22,691 ] 85 root - INFO - Hypothesis cs_002: float64, float64 
[ 2023-04-19 19:39:22,698 ] 85 root - INFO - Hypothesis cs_003: float64, float64 
[ 2023-04-19 19:39:22,705 ] 85 root - INFO - Hypothesis cs_004: float64, float64 
[ 2023-04-19 19:39:22,712 ] 85 root - INFO - Hypothesis cs_005: float64, float64 
[ 2023-04-19 19:39:22,719 ] 85 root - INFO - Hypothesis cs_006: float64, float64 
[ 2023-04-19 19:39:22,726 ] 85 root - INFO - Hypothesis cs_007: float64, float64 
[ 2023-04-19 19:39:22,733 ] 85 root - INFO - Hypothesis cs_008: float64, float64 
[ 2023-04-19 19:39:22,738 ] 85 root - INFO - Hypothesis cs_009: float64, float64 
[ 2023-04-19 19:39:22,753 ] 85 root - INFO - Hypothesis ct_000: float64, float64 
[ 2023-04-19 19:39:22,758 ] 85 root - INFO - Hypothesis cu_000: float64, float64 
[ 2023-04-19 19:39:22,764 ] 85 root - INFO - Hypothesis cv_000: float64, float64 
[ 2023-04-19 19:39:22,770 ] 85 root - INFO - Hypothesis cx_000: float64, float64 
[ 2023-04-19 19:39:22,776 ] 85 root - INFO - Hypothesis cy_000: float64, float64 
[ 2023-04-19 19:39:22,779 ] 85 root - INFO - Hypothesis cz_000: float64, float64 
[ 2023-04-19 19:39:22,785 ] 85 root - INFO - Hypothesis da_000: float64, float64 
[ 2023-04-19 19:39:22,788 ] 85 root - INFO - Hypothesis db_000: float64, float64 
[ 2023-04-19 19:39:22,792 ] 85 root - INFO - Hypothesis dc_000: float64, float64 
[ 2023-04-19 19:39:22,798 ] 85 root - INFO - Hypothesis dd_000: float64, float64 
[ 2023-04-19 19:39:22,805 ] 85 root - INFO - Hypothesis de_000: float64, float64 
[ 2023-04-19 19:39:22,810 ] 85 root - INFO - Hypothesis df_000: float64, float64 
[ 2023-04-19 19:39:22,826 ] 85 root - INFO - Hypothesis dg_000: float64, float64 
[ 2023-04-19 19:39:22,841 ] 85 root - INFO - Hypothesis dh_000: float64, float64 
[ 2023-04-19 19:39:22,845 ] 85 root - INFO - Hypothesis di_000: float64, float64 
[ 2023-04-19 19:39:22,849 ] 85 root - INFO - Hypothesis dj_000: float64, float64 
[ 2023-04-19 19:39:22,864 ] 85 root - INFO - Hypothesis dk_000: float64, float64 
[ 2023-04-19 19:39:22,879 ] 85 root - INFO - Hypothesis dl_000: float64, float64 
[ 2023-04-19 19:39:22,894 ] 85 root - INFO - Hypothesis dm_000: float64, float64 
[ 2023-04-19 19:39:22,910 ] 85 root - INFO - Hypothesis dn_000: float64, float64 
[ 2023-04-19 19:39:22,916 ] 85 root - INFO - Hypothesis do_000: float64, float64 
[ 2023-04-19 19:39:22,923 ] 85 root - INFO - Hypothesis dp_000: float64, float64 
[ 2023-04-19 19:39:22,929 ] 85 root - INFO - Hypothesis dq_000: float64, float64 
[ 2023-04-19 19:39:22,933 ] 85 root - INFO - Hypothesis dr_000: float64, float64 
[ 2023-04-19 19:39:22,937 ] 85 root - INFO - Hypothesis ds_000: float64, float64 
[ 2023-04-19 19:39:22,944 ] 85 root - INFO - Hypothesis dt_000: float64, float64 
[ 2023-04-19 19:39:22,950 ] 85 root - INFO - Hypothesis du_000: float64, float64 
[ 2023-04-19 19:39:22,957 ] 85 root - INFO - Hypothesis dv_000: float64, float64 
[ 2023-04-19 19:39:22,964 ] 85 root - INFO - Hypothesis dx_000: float64, float64 
[ 2023-04-19 19:39:22,969 ] 85 root - INFO - Hypothesis dy_000: float64, float64 
[ 2023-04-19 19:39:22,974 ] 85 root - INFO - Hypothesis dz_000: float64, float64 
[ 2023-04-19 19:39:22,990 ] 85 root - INFO - Hypothesis ea_000: float64, float64 
[ 2023-04-19 19:39:23,006 ] 85 root - INFO - Hypothesis eb_000: float64, float64 
[ 2023-04-19 19:39:23,012 ] 85 root - INFO - Hypothesis ec_00: float64, float64 
[ 2023-04-19 19:39:23,018 ] 85 root - INFO - Hypothesis ed_000: float64, float64 
[ 2023-04-19 19:39:23,024 ] 85 root - INFO - Hypothesis ee_000: float64, float64 
[ 2023-04-19 19:39:23,031 ] 85 root - INFO - Hypothesis ee_001: float64, float64 
[ 2023-04-19 19:39:23,038 ] 85 root - INFO - Hypothesis ee_002: float64, float64 
[ 2023-04-19 19:39:23,046 ] 85 root - INFO - Hypothesis ee_003: float64, float64 
[ 2023-04-19 19:39:23,053 ] 85 root - INFO - Hypothesis ee_004: float64, float64 
[ 2023-04-19 19:39:23,062 ] 85 root - INFO - Hypothesis ee_005: float64, float64 
[ 2023-04-19 19:39:23,069 ] 85 root - INFO - Hypothesis ee_006: float64, float64 
[ 2023-04-19 19:39:23,076 ] 85 root - INFO - Hypothesis ee_007: float64, float64 
[ 2023-04-19 19:39:23,082 ] 85 root - INFO - Hypothesis ee_008: float64, float64 
[ 2023-04-19 19:39:23,088 ] 85 root - INFO - Hypothesis ee_009: float64, float64 
[ 2023-04-19 19:39:23,093 ] 85 root - INFO - Hypothesis ef_000: float64, float64 
[ 2023-04-19 19:39:23,109 ] 85 root - INFO - Hypothesis eg_000: float64, float64 
[ 2023-04-19 19:39:23,124 ] 144 root - INFO - Write reprt in yaml file
