[ 2023-05-01 23:24:55,988 ] 16 root - INFO - >>>>>>>>>>>>>>>>>>>>>>>>>>>>>>>>>>>>>>>> Data Ingestion <<<<<<<<<<<<<<<<<<<<<<<<<<<<<<<<<<<<<<<<
[ 2023-05-01 23:24:55,988 ] 24 root - INFO - Exporting collection data as pandas dataframe
[ 2023-05-01 23:24:55,988 ] 21 root - INFO - reading data from database: {database_name} and collection {collection_name}
[ 2023-05-01 23:24:59,385 ] 23 root - INFO - Found columns: Index(['_id', 'class', 'aa_000', 'ab_000', 'ac_000', 'ad_000', 'ae_000',
       'af_000', 'ag_000', 'ag_001',
       ...
       'ee_002', 'ee_003', 'ee_004', 'ee_005', 'ee_006', 'ee_007', 'ee_008',
       'ee_009', 'ef_000', 'eg_000'],
      dtype='object', length=172)
[ 2023-05-01 23:24:59,386 ] 25 root - INFO - Dropping column: _id 
[ 2023-05-01 23:24:59,578 ] 27 root - INFO - Row and columns in df: (36188, 171)
[ 2023-05-01 23:24:59,579 ] 30 root - INFO - Save data in feature store
[ 2023-05-01 23:25:00,960 ] 36 root - INFO - Create feature store folder if not available
[ 2023-05-01 23:25:00,961 ] 40 root - INFO - Save df to feature store folder
[ 2023-05-01 23:25:02,816 ] 45 root - INFO - split dataset into train and test set
[ 2023-05-01 23:25:03,125 ] 49 root - INFO - create dataset directory folder if not available
[ 2023-05-01 23:25:03,125 ] 54 root - INFO - Save df to feature store folder
[ 2023-05-01 23:25:04,900 ] 66 root - INFO - Data ingestion artifact: DataIngestionArtifact(feature_store_file_path='/config/workspace/artifact/05012023__232455/data_ingestion/feature_store/sensor.csv', train_file_path='/config/workspace/artifact/05012023__232455/data_ingestion/dataset/train.csv', test_file_path='/config/workspace/artifact/05012023__232455/data_ingestion/dataset/test.csv')
[ 2023-05-01 23:25:05,288 ] 19 root - INFO - >>>>>>>>>>>>>>>>>>>>>>>>>>>>>>>>>>>>>>>> Data Validation <<<<<<<<<<<<<<<<<<<<<<<<<<<<<<<<<<<<<<<<
[ 2023-05-01 23:25:05,289 ] 107 root - INFO - Reading base dataframe
[ 2023-05-01 23:25:07,476 ] 110 root - INFO - Replace na value in base df
[ 2023-05-01 23:25:07,476 ] 112 root - INFO - Drop null values colums from base df
[ 2023-05-01 23:25:07,697 ] 41 root - INFO - selecting column name which contains null above to 0.7
[ 2023-05-01 23:25:07,698 ] 44 root - INFO - Columns to drop: ['ab_000', 'bn_000', 'bo_000', 'bp_000', 'bq_000', 'br_000', 'cr_000']
[ 2023-05-01 23:25:07,778 ] 115 root - INFO - Reading train dataframe
[ 2023-05-01 23:25:08,156 ] 117 root - INFO - Reading test dataframe
[ 2023-05-01 23:25:08,259 ] 120 root - INFO - Drop null values colums from train df
[ 2023-05-01 23:25:08,267 ] 41 root - INFO - selecting column name which contains null above to 0.7
[ 2023-05-01 23:25:08,268 ] 44 root - INFO - Columns to drop: ['ab_000', 'bn_000', 'bo_000', 'bp_000', 'bq_000', 'br_000', 'cr_000']
[ 2023-05-01 23:25:08,277 ] 122 root - INFO - Drop null values colums from test df
[ 2023-05-01 23:25:08,280 ] 41 root - INFO - selecting column name which contains null above to 0.7
[ 2023-05-01 23:25:08,280 ] 44 root - INFO - Columns to drop: ['ab_000', 'bn_000', 'bo_000', 'bp_000', 'bq_000', 'br_000', 'cr_000']
[ 2023-05-01 23:25:09,150 ] 131 root - INFO - Is all required columns present in train df
[ 2023-05-01 23:25:09,151 ] 133 root - INFO - Is all required columns present in test df
[ 2023-05-01 23:25:09,151 ] 137 root - INFO - As all column are available in train df hence detecting data drift
[ 2023-05-01 23:25:09,151 ] 85 root - INFO - Hypothesis class: object, object 
[ 2023-05-01 23:25:09,295 ] 85 root - INFO - Hypothesis aa_000: float64, float64 
[ 2023-05-01 23:25:09,338 ] 85 root - INFO - Hypothesis ac_000: float64, float64 
[ 2023-05-01 23:25:09,346 ] 85 root - INFO - Hypothesis ad_000: float64, float64 
[ 2023-05-01 23:25:09,386 ] 85 root - INFO - Hypothesis ae_000: float64, float64 
[ 2023-05-01 23:25:09,422 ] 85 root - INFO - Hypothesis af_000: float64, float64 
[ 2023-05-01 23:25:09,459 ] 85 root - INFO - Hypothesis ag_000: float64, float64 
[ 2023-05-01 23:25:09,495 ] 85 root - INFO - Hypothesis ag_001: float64, float64 
[ 2023-05-01 23:25:09,531 ] 85 root - INFO - Hypothesis ag_002: float64, float64 
[ 2023-05-01 23:25:09,568 ] 85 root - INFO - Hypothesis ag_003: float64, float64 
[ 2023-05-01 23:25:09,607 ] 85 root - INFO - Hypothesis ag_004: float64, float64 
[ 2023-05-01 23:25:09,617 ] 85 root - INFO - Hypothesis ag_005: float64, float64 
[ 2023-05-01 23:25:09,628 ] 85 root - INFO - Hypothesis ag_006: float64, float64 
[ 2023-05-01 23:25:09,671 ] 85 root - INFO - Hypothesis ag_007: float64, float64 
[ 2023-05-01 23:25:09,713 ] 85 root - INFO - Hypothesis ag_008: float64, float64 
[ 2023-05-01 23:25:09,753 ] 85 root - INFO - Hypothesis ag_009: float64, float64 
[ 2023-05-01 23:25:09,793 ] 85 root - INFO - Hypothesis ah_000: float64, float64 
[ 2023-05-01 23:25:09,835 ] 85 root - INFO - Hypothesis ai_000: float64, float64 
[ 2023-05-01 23:25:09,871 ] 85 root - INFO - Hypothesis aj_000: float64, float64 
[ 2023-05-01 23:25:09,877 ] 85 root - INFO - Hypothesis ak_000: float64, float64 
[ 2023-05-01 23:25:09,913 ] 85 root - INFO - Hypothesis al_000: float64, float64 
[ 2023-05-01 23:25:09,921 ] 85 root - INFO - Hypothesis am_0: float64, float64 
[ 2023-05-01 23:25:09,928 ] 85 root - INFO - Hypothesis an_000: float64, float64 
[ 2023-05-01 23:25:09,938 ] 85 root - INFO - Hypothesis ao_000: float64, float64 
[ 2023-05-01 23:25:09,981 ] 85 root - INFO - Hypothesis ap_000: float64, float64 
[ 2023-05-01 23:25:10,028 ] 85 root - INFO - Hypothesis aq_000: float64, float64 
[ 2023-05-01 23:25:10,039 ] 85 root - INFO - Hypothesis ar_000: float64, float64 
[ 2023-05-01 23:25:10,076 ] 85 root - INFO - Hypothesis as_000: float64, float64 
[ 2023-05-01 23:25:10,112 ] 85 root - INFO - Hypothesis at_000: float64, float64 
[ 2023-05-01 23:25:10,148 ] 85 root - INFO - Hypothesis au_000: float64, float64 
[ 2023-05-01 23:25:10,185 ] 85 root - INFO - Hypothesis av_000: float64, float64 
[ 2023-05-01 23:25:10,195 ] 85 root - INFO - Hypothesis ax_000: float64, float64 
[ 2023-05-01 23:25:10,236 ] 85 root - INFO - Hypothesis ay_000: float64, float64 
[ 2023-05-01 23:25:10,271 ] 85 root - INFO - Hypothesis ay_001: float64, float64 
[ 2023-05-01 23:25:10,307 ] 85 root - INFO - Hypothesis ay_002: float64, float64 
[ 2023-05-01 23:25:10,343 ] 85 root - INFO - Hypothesis ay_003: float64, float64 
[ 2023-05-01 23:25:10,380 ] 85 root - INFO - Hypothesis ay_004: float64, float64 
[ 2023-05-01 23:25:10,416 ] 85 root - INFO - Hypothesis ay_005: float64, float64 
[ 2023-05-01 23:25:10,455 ] 85 root - INFO - Hypothesis ay_006: float64, float64 
[ 2023-05-01 23:25:10,464 ] 85 root - INFO - Hypothesis ay_007: float64, float64 
[ 2023-05-01 23:25:10,474 ] 85 root - INFO - Hypothesis ay_008: float64, float64 
[ 2023-05-01 23:25:10,484 ] 85 root - INFO - Hypothesis ay_009: float64, float64 
[ 2023-05-01 23:25:10,519 ] 85 root - INFO - Hypothesis az_000: float64, float64 
[ 2023-05-01 23:25:10,561 ] 85 root - INFO - Hypothesis az_001: float64, float64 
[ 2023-05-01 23:25:10,605 ] 85 root - INFO - Hypothesis az_002: float64, float64 
[ 2023-05-01 23:25:10,615 ] 85 root - INFO - Hypothesis az_003: float64, float64 
[ 2023-05-01 23:25:10,625 ] 85 root - INFO - Hypothesis az_004: float64, float64 
[ 2023-05-01 23:25:10,669 ] 85 root - INFO - Hypothesis az_005: float64, float64 
[ 2023-05-01 23:25:10,680 ] 85 root - INFO - Hypothesis az_006: float64, float64 
[ 2023-05-01 23:25:10,689 ] 85 root - INFO - Hypothesis az_007: float64, float64 
[ 2023-05-01 23:25:10,727 ] 85 root - INFO - Hypothesis az_008: float64, float64 
[ 2023-05-01 23:25:10,764 ] 85 root - INFO - Hypothesis az_009: float64, float64 
[ 2023-05-01 23:25:10,800 ] 85 root - INFO - Hypothesis ba_000: float64, float64 
[ 2023-05-01 23:25:10,811 ] 85 root - INFO - Hypothesis ba_001: float64, float64 
[ 2023-05-01 23:25:10,853 ] 85 root - INFO - Hypothesis ba_002: float64, float64 
[ 2023-05-01 23:25:10,864 ] 85 root - INFO - Hypothesis ba_003: float64, float64 
[ 2023-05-01 23:25:10,875 ] 85 root - INFO - Hypothesis ba_004: float64, float64 
[ 2023-05-01 23:25:10,885 ] 85 root - INFO - Hypothesis ba_005: float64, float64 
[ 2023-05-01 23:25:10,895 ] 85 root - INFO - Hypothesis ba_006: float64, float64 
[ 2023-05-01 23:25:10,905 ] 85 root - INFO - Hypothesis ba_007: float64, float64 
[ 2023-05-01 23:25:10,946 ] 85 root - INFO - Hypothesis ba_008: float64, float64 
[ 2023-05-01 23:25:10,987 ] 85 root - INFO - Hypothesis ba_009: float64, float64 
[ 2023-05-01 23:25:11,026 ] 85 root - INFO - Hypothesis bb_000: float64, float64 
[ 2023-05-01 23:25:11,037 ] 85 root - INFO - Hypothesis bc_000: float64, float64 
[ 2023-05-01 23:25:11,076 ] 85 root - INFO - Hypothesis bd_000: float64, float64 
[ 2023-05-01 23:25:11,084 ] 85 root - INFO - Hypothesis be_000: float64, float64 
[ 2023-05-01 23:25:11,093 ] 85 root - INFO - Hypothesis bf_000: float64, float64 
[ 2023-05-01 23:25:11,131 ] 85 root - INFO - Hypothesis bg_000: float64, float64 
[ 2023-05-01 23:25:11,176 ] 85 root - INFO - Hypothesis bh_000: float64, float64 
[ 2023-05-01 23:25:11,219 ] 85 root - INFO - Hypothesis bi_000: float64, float64 
[ 2023-05-01 23:25:11,261 ] 85 root - INFO - Hypothesis bj_000: float64, float64 
[ 2023-05-01 23:25:11,305 ] 85 root - INFO - Hypothesis bk_000: float64, float64 
[ 2023-05-01 23:25:11,313 ] 85 root - INFO - Hypothesis bl_000: float64, float64 
[ 2023-05-01 23:25:11,321 ] 85 root - INFO - Hypothesis bm_000: float64, float64 
[ 2023-05-01 23:25:11,359 ] 85 root - INFO - Hypothesis bs_000: float64, float64 
[ 2023-05-01 23:25:11,369 ] 85 root - INFO - Hypothesis bt_000: float64, float64 
[ 2023-05-01 23:25:11,411 ] 85 root - INFO - Hypothesis bu_000: float64, float64 
[ 2023-05-01 23:25:11,454 ] 85 root - INFO - Hypothesis bv_000: float64, float64 
[ 2023-05-01 23:25:11,497 ] 85 root - INFO - Hypothesis bx_000: float64, float64 
[ 2023-05-01 23:25:11,540 ] 85 root - INFO - Hypothesis by_000: float64, float64 
[ 2023-05-01 23:25:11,550 ] 85 root - INFO - Hypothesis bz_000: float64, float64 
[ 2023-05-01 23:25:11,592 ] 85 root - INFO - Hypothesis ca_000: float64, float64 
[ 2023-05-01 23:25:11,603 ] 85 root - INFO - Hypothesis cb_000: float64, float64 
[ 2023-05-01 23:25:11,614 ] 85 root - INFO - Hypothesis cc_000: float64, float64 
[ 2023-05-01 23:25:11,624 ] 85 root - INFO - Hypothesis cd_000: float64, float64 
[ 2023-05-01 23:25:11,661 ] 85 root - INFO - Hypothesis ce_000: float64, float64 
[ 2023-05-01 23:25:11,670 ] 85 root - INFO - Hypothesis cf_000: float64, float64 
[ 2023-05-01 23:25:11,707 ] 85 root - INFO - Hypothesis cg_000: float64, float64 
[ 2023-05-01 23:25:11,714 ] 85 root - INFO - Hypothesis ch_000: float64, float64 
[ 2023-05-01 23:25:11,751 ] 85 root - INFO - Hypothesis ci_000: float64, float64 
[ 2023-05-01 23:25:11,761 ] 85 root - INFO - Hypothesis cj_000: float64, float64 
[ 2023-05-01 23:25:11,799 ] 85 root - INFO - Hypothesis ck_000: float64, float64 
[ 2023-05-01 23:25:11,809 ] 85 root - INFO - Hypothesis cl_000: float64, float64 
[ 2023-05-01 23:25:11,850 ] 85 root - INFO - Hypothesis cm_000: float64, float64 
[ 2023-05-01 23:25:11,891 ] 85 root - INFO - Hypothesis cn_000: float64, float64 
[ 2023-05-01 23:25:11,929 ] 85 root - INFO - Hypothesis cn_001: float64, float64 
[ 2023-05-01 23:25:11,968 ] 85 root - INFO - Hypothesis cn_002: float64, float64 
[ 2023-05-01 23:25:11,976 ] 85 root - INFO - Hypothesis cn_003: float64, float64 
[ 2023-05-01 23:25:11,986 ] 85 root - INFO - Hypothesis cn_004: float64, float64 
[ 2023-05-01 23:25:12,031 ] 85 root - INFO - Hypothesis cn_005: float64, float64 
[ 2023-05-01 23:25:12,041 ] 85 root - INFO - Hypothesis cn_006: float64, float64 
[ 2023-05-01 23:25:12,083 ] 85 root - INFO - Hypothesis cn_007: float64, float64 
[ 2023-05-01 23:25:12,125 ] 85 root - INFO - Hypothesis cn_008: float64, float64 
[ 2023-05-01 23:25:12,167 ] 85 root - INFO - Hypothesis cn_009: float64, float64 
[ 2023-05-01 23:25:12,207 ] 85 root - INFO - Hypothesis co_000: float64, float64 
[ 2023-05-01 23:25:12,214 ] 85 root - INFO - Hypothesis cp_000: float64, float64 
[ 2023-05-01 23:25:12,256 ] 85 root - INFO - Hypothesis cq_000: float64, float64 
[ 2023-05-01 23:25:12,300 ] 85 root - INFO - Hypothesis cs_000: float64, float64 
[ 2023-05-01 23:25:12,342 ] 85 root - INFO - Hypothesis cs_001: float64, float64 
[ 2023-05-01 23:25:12,383 ] 85 root - INFO - Hypothesis cs_002: float64, float64 
[ 2023-05-01 23:25:12,393 ] 85 root - INFO - Hypothesis cs_003: float64, float64 
[ 2023-05-01 23:25:12,435 ] 85 root - INFO - Hypothesis cs_004: float64, float64 
[ 2023-05-01 23:25:12,446 ] 85 root - INFO - Hypothesis cs_005: float64, float64 
[ 2023-05-01 23:25:12,456 ] 85 root - INFO - Hypothesis cs_006: float64, float64 
[ 2023-05-01 23:25:12,467 ] 85 root - INFO - Hypothesis cs_007: float64, float64 
[ 2023-05-01 23:25:12,509 ] 85 root - INFO - Hypothesis cs_008: float64, float64 
[ 2023-05-01 23:25:12,517 ] 85 root - INFO - Hypothesis cs_009: float64, float64 
[ 2023-05-01 23:25:12,553 ] 85 root - INFO - Hypothesis ct_000: float64, float64 
[ 2023-05-01 23:25:12,594 ] 85 root - INFO - Hypothesis cu_000: float64, float64 
[ 2023-05-01 23:25:12,636 ] 85 root - INFO - Hypothesis cv_000: float64, float64 
[ 2023-05-01 23:25:12,677 ] 85 root - INFO - Hypothesis cx_000: float64, float64 
[ 2023-05-01 23:25:12,719 ] 85 root - INFO - Hypothesis cy_000: float64, float64 
[ 2023-05-01 23:25:12,756 ] 85 root - INFO - Hypothesis cz_000: float64, float64 
[ 2023-05-01 23:25:12,797 ] 85 root - INFO - Hypothesis da_000: float64, float64 
[ 2023-05-01 23:25:12,833 ] 85 root - INFO - Hypothesis db_000: float64, float64 
[ 2023-05-01 23:25:12,872 ] 85 root - INFO - Hypothesis dc_000: float64, float64 
[ 2023-05-01 23:25:12,914 ] 85 root - INFO - Hypothesis dd_000: float64, float64 
[ 2023-05-01 23:25:12,956 ] 85 root - INFO - Hypothesis de_000: float64, float64 
[ 2023-05-01 23:25:12,998 ] 85 root - INFO - Hypothesis df_000: float64, float64 
[ 2023-05-01 23:25:13,035 ] 85 root - INFO - Hypothesis dg_000: float64, float64 
[ 2023-05-01 23:25:13,071 ] 85 root - INFO - Hypothesis dh_000: float64, float64 
[ 2023-05-01 23:25:13,109 ] 85 root - INFO - Hypothesis di_000: float64, float64 
[ 2023-05-01 23:25:13,147 ] 85 root - INFO - Hypothesis dj_000: float64, float64 
[ 2023-05-01 23:25:13,183 ] 85 root - INFO - Hypothesis dk_000: float64, float64 
[ 2023-05-01 23:25:13,229 ] 85 root - INFO - Hypothesis dl_000: float64, float64 
[ 2023-05-01 23:25:13,266 ] 85 root - INFO - Hypothesis dm_000: float64, float64 
[ 2023-05-01 23:25:13,302 ] 85 root - INFO - Hypothesis dn_000: float64, float64 
[ 2023-05-01 23:25:13,345 ] 85 root - INFO - Hypothesis do_000: float64, float64 
[ 2023-05-01 23:25:13,386 ] 85 root - INFO - Hypothesis dp_000: float64, float64 
[ 2023-05-01 23:25:13,428 ] 85 root - INFO - Hypothesis dq_000: float64, float64 
[ 2023-05-01 23:25:13,466 ] 85 root - INFO - Hypothesis dr_000: float64, float64 
[ 2023-05-01 23:25:13,504 ] 85 root - INFO - Hypothesis ds_000: float64, float64 
[ 2023-05-01 23:25:13,546 ] 85 root - INFO - Hypothesis dt_000: float64, float64 
[ 2023-05-01 23:25:13,588 ] 85 root - INFO - Hypothesis du_000: float64, float64 
[ 2023-05-01 23:25:13,598 ] 85 root - INFO - Hypothesis dv_000: float64, float64 
[ 2023-05-01 23:25:13,642 ] 85 root - INFO - Hypothesis dx_000: float64, float64 
[ 2023-05-01 23:25:13,680 ] 85 root - INFO - Hypothesis dy_000: float64, float64 
[ 2023-05-01 23:25:13,719 ] 85 root - INFO - Hypothesis dz_000: float64, float64 
[ 2023-05-01 23:25:13,756 ] 85 root - INFO - Hypothesis ea_000: float64, float64 
[ 2023-05-01 23:25:13,795 ] 85 root - INFO - Hypothesis eb_000: float64, float64 
[ 2023-05-01 23:25:13,804 ] 85 root - INFO - Hypothesis ec_00: float64, float64 
[ 2023-05-01 23:25:13,814 ] 85 root - INFO - Hypothesis ed_000: float64, float64 
[ 2023-05-01 23:25:13,823 ] 85 root - INFO - Hypothesis ee_000: float64, float64 
[ 2023-05-01 23:25:13,866 ] 85 root - INFO - Hypothesis ee_001: float64, float64 
[ 2023-05-01 23:25:13,877 ] 85 root - INFO - Hypothesis ee_002: float64, float64 
[ 2023-05-01 23:25:13,921 ] 85 root - INFO - Hypothesis ee_003: float64, float64 
[ 2023-05-01 23:25:13,933 ] 85 root - INFO - Hypothesis ee_004: float64, float64 
[ 2023-05-01 23:25:13,976 ] 85 root - INFO - Hypothesis ee_005: float64, float64 
[ 2023-05-01 23:25:13,986 ] 85 root - INFO - Hypothesis ee_006: float64, float64 
[ 2023-05-01 23:25:13,996 ] 85 root - INFO - Hypothesis ee_007: float64, float64 
[ 2023-05-01 23:25:14,040 ] 85 root - INFO - Hypothesis ee_008: float64, float64 
[ 2023-05-01 23:25:14,081 ] 85 root - INFO - Hypothesis ee_009: float64, float64 
[ 2023-05-01 23:25:14,121 ] 85 root - INFO - Hypothesis ef_000: float64, float64 
[ 2023-05-01 23:25:14,157 ] 85 root - INFO - Hypothesis eg_000: float64, float64 
[ 2023-05-01 23:25:14,196 ] 140 root - INFO - As all column are available in test df hence detecting data drift
[ 2023-05-01 23:25:14,196 ] 85 root - INFO - Hypothesis class: object, object 
[ 2023-05-01 23:25:14,271 ] 85 root - INFO - Hypothesis aa_000: float64, float64 
[ 2023-05-01 23:25:14,277 ] 85 root - INFO - Hypothesis ac_000: float64, float64 
[ 2023-05-01 23:25:14,283 ] 85 root - INFO - Hypothesis ad_000: float64, float64 
[ 2023-05-01 23:25:14,288 ] 85 root - INFO - Hypothesis ae_000: float64, float64 
[ 2023-05-01 23:25:14,303 ] 85 root - INFO - Hypothesis af_000: float64, float64 
[ 2023-05-01 23:25:14,319 ] 85 root - INFO - Hypothesis ag_000: float64, float64 
[ 2023-05-01 23:25:14,333 ] 85 root - INFO - Hypothesis ag_001: float64, float64 
[ 2023-05-01 23:25:14,349 ] 85 root - INFO - Hypothesis ag_002: float64, float64 
[ 2023-05-01 23:25:14,364 ] 85 root - INFO - Hypothesis ag_003: float64, float64 
[ 2023-05-01 23:25:14,369 ] 85 root - INFO - Hypothesis ag_004: float64, float64 
[ 2023-05-01 23:25:14,375 ] 85 root - INFO - Hypothesis ag_005: float64, float64 
[ 2023-05-01 23:25:14,382 ] 85 root - INFO - Hypothesis ag_006: float64, float64 
[ 2023-05-01 23:25:14,389 ] 85 root - INFO - Hypothesis ag_007: float64, float64 
[ 2023-05-01 23:25:14,396 ] 85 root - INFO - Hypothesis ag_008: float64, float64 
[ 2023-05-01 23:25:14,401 ] 85 root - INFO - Hypothesis ag_009: float64, float64 
[ 2023-05-01 23:25:14,406 ] 85 root - INFO - Hypothesis ah_000: float64, float64 
[ 2023-05-01 23:25:14,413 ] 85 root - INFO - Hypothesis ai_000: float64, float64 
[ 2023-05-01 23:25:14,429 ] 85 root - INFO - Hypothesis aj_000: float64, float64 
[ 2023-05-01 23:25:14,433 ] 85 root - INFO - Hypothesis ak_000: float64, float64 
[ 2023-05-01 23:25:14,448 ] 85 root - INFO - Hypothesis al_000: float64, float64 
[ 2023-05-01 23:25:14,453 ] 85 root - INFO - Hypothesis am_0: float64, float64 
[ 2023-05-01 23:25:14,458 ] 85 root - INFO - Hypothesis an_000: float64, float64 
[ 2023-05-01 23:25:14,465 ] 85 root - INFO - Hypothesis ao_000: float64, float64 
[ 2023-05-01 23:25:14,472 ] 85 root - INFO - Hypothesis ap_000: float64, float64 
[ 2023-05-01 23:25:14,480 ] 85 root - INFO - Hypothesis aq_000: float64, float64 
[ 2023-05-01 23:25:14,487 ] 85 root - INFO - Hypothesis ar_000: float64, float64 
[ 2023-05-01 23:25:14,502 ] 85 root - INFO - Hypothesis as_000: float64, float64 
[ 2023-05-01 23:25:14,518 ] 85 root - INFO - Hypothesis at_000: float64, float64 
[ 2023-05-01 23:25:14,533 ] 85 root - INFO - Hypothesis au_000: float64, float64 
[ 2023-05-01 23:25:14,548 ] 85 root - INFO - Hypothesis av_000: float64, float64 
[ 2023-05-01 23:25:14,554 ] 85 root - INFO - Hypothesis ax_000: float64, float64 
[ 2023-05-01 23:25:14,559 ] 85 root - INFO - Hypothesis ay_000: float64, float64 
[ 2023-05-01 23:25:14,575 ] 85 root - INFO - Hypothesis ay_001: float64, float64 
[ 2023-05-01 23:25:14,590 ] 85 root - INFO - Hypothesis ay_002: float64, float64 
[ 2023-05-01 23:25:14,606 ] 85 root - INFO - Hypothesis ay_003: float64, float64 
[ 2023-05-01 23:25:14,621 ] 85 root - INFO - Hypothesis ay_004: float64, float64 
[ 2023-05-01 23:25:14,625 ] 85 root - INFO - Hypothesis ay_005: float64, float64 
[ 2023-05-01 23:25:14,630 ] 85 root - INFO - Hypothesis ay_006: float64, float64 
[ 2023-05-01 23:25:14,636 ] 85 root - INFO - Hypothesis ay_007: float64, float64 
[ 2023-05-01 23:25:14,643 ] 85 root - INFO - Hypothesis ay_008: float64, float64 
[ 2023-05-01 23:25:14,650 ] 85 root - INFO - Hypothesis ay_009: float64, float64 
[ 2023-05-01 23:25:14,665 ] 85 root - INFO - Hypothesis az_000: float64, float64 
[ 2023-05-01 23:25:14,671 ] 85 root - INFO - Hypothesis az_001: float64, float64 
[ 2023-05-01 23:25:14,678 ] 85 root - INFO - Hypothesis az_002: float64, float64 
[ 2023-05-01 23:25:14,684 ] 85 root - INFO - Hypothesis az_003: float64, float64 
[ 2023-05-01 23:25:14,691 ] 85 root - INFO - Hypothesis az_004: float64, float64 
[ 2023-05-01 23:25:14,698 ] 85 root - INFO - Hypothesis az_005: float64, float64 
[ 2023-05-01 23:25:14,705 ] 85 root - INFO - Hypothesis az_006: float64, float64 
[ 2023-05-01 23:25:14,711 ] 85 root - INFO - Hypothesis az_007: float64, float64 
[ 2023-05-01 23:25:14,727 ] 85 root - INFO - Hypothesis az_008: float64, float64 
[ 2023-05-01 23:25:14,730 ] 85 root - INFO - Hypothesis az_009: float64, float64 
[ 2023-05-01 23:25:14,733 ] 85 root - INFO - Hypothesis ba_000: float64, float64 
[ 2023-05-01 23:25:14,740 ] 85 root - INFO - Hypothesis ba_001: float64, float64 
[ 2023-05-01 23:25:14,747 ] 85 root - INFO - Hypothesis ba_002: float64, float64 
[ 2023-05-01 23:25:14,754 ] 85 root - INFO - Hypothesis ba_003: float64, float64 
[ 2023-05-01 23:25:14,761 ] 85 root - INFO - Hypothesis ba_004: float64, float64 
[ 2023-05-01 23:25:14,768 ] 85 root - INFO - Hypothesis ba_005: float64, float64 
[ 2023-05-01 23:25:14,775 ] 85 root - INFO - Hypothesis ba_006: float64, float64 
[ 2023-05-01 23:25:14,781 ] 85 root - INFO - Hypothesis ba_007: float64, float64 
[ 2023-05-01 23:25:14,788 ] 85 root - INFO - Hypothesis ba_008: float64, float64 
[ 2023-05-01 23:25:14,793 ] 85 root - INFO - Hypothesis ba_009: float64, float64 
[ 2023-05-01 23:25:14,810 ] 85 root - INFO - Hypothesis bb_000: float64, float64 
[ 2023-05-01 23:25:14,817 ] 85 root - INFO - Hypothesis bc_000: float64, float64 
[ 2023-05-01 23:25:14,822 ] 85 root - INFO - Hypothesis bd_000: float64, float64 
[ 2023-05-01 23:25:14,828 ] 85 root - INFO - Hypothesis be_000: float64, float64 
[ 2023-05-01 23:25:14,834 ] 85 root - INFO - Hypothesis bf_000: float64, float64 
[ 2023-05-01 23:25:14,839 ] 85 root - INFO - Hypothesis bg_000: float64, float64 
[ 2023-05-01 23:25:14,846 ] 85 root - INFO - Hypothesis bh_000: float64, float64 
[ 2023-05-01 23:25:14,853 ] 85 root - INFO - Hypothesis bi_000: float64, float64 
[ 2023-05-01 23:25:14,861 ] 85 root - INFO - Hypothesis bj_000: float64, float64 
[ 2023-05-01 23:25:14,868 ] 85 root - INFO - Hypothesis bk_000: float64, float64 
[ 2023-05-01 23:25:14,874 ] 85 root - INFO - Hypothesis bl_000: float64, float64 
[ 2023-05-01 23:25:14,879 ] 85 root - INFO - Hypothesis bm_000: float64, float64 
[ 2023-05-01 23:25:14,883 ] 85 root - INFO - Hypothesis bs_000: float64, float64 
[ 2023-05-01 23:25:14,890 ] 85 root - INFO - Hypothesis bt_000: float64, float64 
[ 2023-05-01 23:25:14,897 ] 85 root - INFO - Hypothesis bu_000: float64, float64 
[ 2023-05-01 23:25:14,904 ] 85 root - INFO - Hypothesis bv_000: float64, float64 
[ 2023-05-01 23:25:14,912 ] 85 root - INFO - Hypothesis bx_000: float64, float64 
[ 2023-05-01 23:25:14,920 ] 85 root - INFO - Hypothesis by_000: float64, float64 
[ 2023-05-01 23:25:14,927 ] 85 root - INFO - Hypothesis bz_000: float64, float64 
[ 2023-05-01 23:25:14,933 ] 85 root - INFO - Hypothesis ca_000: float64, float64 
[ 2023-05-01 23:25:14,940 ] 85 root - INFO - Hypothesis cb_000: float64, float64 
[ 2023-05-01 23:25:14,948 ] 85 root - INFO - Hypothesis cc_000: float64, float64 
[ 2023-05-01 23:25:14,955 ] 85 root - INFO - Hypothesis cd_000: float64, float64 
[ 2023-05-01 23:25:14,971 ] 85 root - INFO - Hypothesis ce_000: float64, float64 
[ 2023-05-01 23:25:14,978 ] 85 root - INFO - Hypothesis cf_000: float64, float64 
[ 2023-05-01 23:25:14,983 ] 85 root - INFO - Hypothesis cg_000: float64, float64 
[ 2023-05-01 23:25:14,988 ] 85 root - INFO - Hypothesis ch_000: float64, float64 
[ 2023-05-01 23:25:15,004 ] 85 root - INFO - Hypothesis ci_000: float64, float64 
[ 2023-05-01 23:25:15,011 ] 85 root - INFO - Hypothesis cj_000: float64, float64 
[ 2023-05-01 23:25:15,027 ] 85 root - INFO - Hypothesis ck_000: float64, float64 
[ 2023-05-01 23:25:15,034 ] 85 root - INFO - Hypothesis cl_000: float64, float64 
[ 2023-05-01 23:25:15,039 ] 85 root - INFO - Hypothesis cm_000: float64, float64 
[ 2023-05-01 23:25:15,043 ] 85 root - INFO - Hypothesis cn_000: float64, float64 
[ 2023-05-01 23:25:15,047 ] 85 root - INFO - Hypothesis cn_001: float64, float64 
[ 2023-05-01 23:25:15,050 ] 85 root - INFO - Hypothesis cn_002: float64, float64 
[ 2023-05-01 23:25:15,056 ] 85 root - INFO - Hypothesis cn_003: float64, float64 
[ 2023-05-01 23:25:15,063 ] 85 root - INFO - Hypothesis cn_004: float64, float64 
[ 2023-05-01 23:25:15,070 ] 85 root - INFO - Hypothesis cn_005: float64, float64 
[ 2023-05-01 23:25:15,077 ] 85 root - INFO - Hypothesis cn_006: float64, float64 
[ 2023-05-01 23:25:15,083 ] 85 root - INFO - Hypothesis cn_007: float64, float64 
[ 2023-05-01 23:25:15,090 ] 85 root - INFO - Hypothesis cn_008: float64, float64 
[ 2023-05-01 23:25:15,096 ] 85 root - INFO - Hypothesis cn_009: float64, float64 
[ 2023-05-01 23:25:15,101 ] 85 root - INFO - Hypothesis co_000: float64, float64 
[ 2023-05-01 23:25:15,106 ] 85 root - INFO - Hypothesis cp_000: float64, float64 
[ 2023-05-01 23:25:15,111 ] 85 root - INFO - Hypothesis cq_000: float64, float64 
[ 2023-05-01 23:25:15,118 ] 85 root - INFO - Hypothesis cs_000: float64, float64 
[ 2023-05-01 23:25:15,125 ] 85 root - INFO - Hypothesis cs_001: float64, float64 
[ 2023-05-01 23:25:15,131 ] 85 root - INFO - Hypothesis cs_002: float64, float64 
[ 2023-05-01 23:25:15,138 ] 85 root - INFO - Hypothesis cs_003: float64, float64 
[ 2023-05-01 23:25:15,145 ] 85 root - INFO - Hypothesis cs_004: float64, float64 
[ 2023-05-01 23:25:15,153 ] 85 root - INFO - Hypothesis cs_005: float64, float64 
[ 2023-05-01 23:25:15,161 ] 85 root - INFO - Hypothesis cs_006: float64, float64 
[ 2023-05-01 23:25:15,168 ] 85 root - INFO - Hypothesis cs_007: float64, float64 
[ 2023-05-01 23:25:15,176 ] 85 root - INFO - Hypothesis cs_008: float64, float64 
[ 2023-05-01 23:25:15,181 ] 85 root - INFO - Hypothesis cs_009: float64, float64 
[ 2023-05-01 23:25:15,201 ] 85 root - INFO - Hypothesis ct_000: float64, float64 
[ 2023-05-01 23:25:15,208 ] 85 root - INFO - Hypothesis cu_000: float64, float64 
[ 2023-05-01 23:25:15,215 ] 85 root - INFO - Hypothesis cv_000: float64, float64 
[ 2023-05-01 23:25:15,222 ] 85 root - INFO - Hypothesis cx_000: float64, float64 
[ 2023-05-01 23:25:15,228 ] 85 root - INFO - Hypothesis cy_000: float64, float64 
[ 2023-05-01 23:25:15,232 ] 85 root - INFO - Hypothesis cz_000: float64, float64 
[ 2023-05-01 23:25:15,238 ] 85 root - INFO - Hypothesis da_000: float64, float64 
[ 2023-05-01 23:25:15,254 ] 85 root - INFO - Hypothesis db_000: float64, float64 
[ 2023-05-01 23:25:15,259 ] 85 root - INFO - Hypothesis dc_000: float64, float64 
[ 2023-05-01 23:25:15,265 ] 85 root - INFO - Hypothesis dd_000: float64, float64 
[ 2023-05-01 23:25:15,271 ] 85 root - INFO - Hypothesis de_000: float64, float64 
[ 2023-05-01 23:25:15,277 ] 85 root - INFO - Hypothesis df_000: float64, float64 
[ 2023-05-01 23:25:15,292 ] 85 root - INFO - Hypothesis dg_000: float64, float64 
[ 2023-05-01 23:25:15,307 ] 85 root - INFO - Hypothesis dh_000: float64, float64 
[ 2023-05-01 23:25:15,323 ] 85 root - INFO - Hypothesis di_000: float64, float64 
[ 2023-05-01 23:25:15,327 ] 85 root - INFO - Hypothesis dj_000: float64, float64 
[ 2023-05-01 23:25:15,342 ] 85 root - INFO - Hypothesis dk_000: float64, float64 
[ 2023-05-01 23:25:15,357 ] 85 root - INFO - Hypothesis dl_000: float64, float64 
[ 2023-05-01 23:25:15,373 ] 85 root - INFO - Hypothesis dm_000: float64, float64 
[ 2023-05-01 23:25:15,389 ] 85 root - INFO - Hypothesis dn_000: float64, float64 
[ 2023-05-01 23:25:15,396 ] 85 root - INFO - Hypothesis do_000: float64, float64 
[ 2023-05-01 23:25:15,403 ] 85 root - INFO - Hypothesis dp_000: float64, float64 
[ 2023-05-01 23:25:15,409 ] 85 root - INFO - Hypothesis dq_000: float64, float64 
[ 2023-05-01 23:25:15,425 ] 85 root - INFO - Hypothesis dr_000: float64, float64 
[ 2023-05-01 23:25:15,442 ] 85 root - INFO - Hypothesis ds_000: float64, float64 
[ 2023-05-01 23:25:15,448 ] 85 root - INFO - Hypothesis dt_000: float64, float64 
[ 2023-05-01 23:25:15,455 ] 85 root - INFO - Hypothesis du_000: float64, float64 
[ 2023-05-01 23:25:15,462 ] 85 root - INFO - Hypothesis dv_000: float64, float64 
[ 2023-05-01 23:25:15,468 ] 85 root - INFO - Hypothesis dx_000: float64, float64 
[ 2023-05-01 23:25:15,485 ] 85 root - INFO - Hypothesis dy_000: float64, float64 
[ 2023-05-01 23:25:15,490 ] 85 root - INFO - Hypothesis dz_000: float64, float64 
[ 2023-05-01 23:25:15,505 ] 85 root - INFO - Hypothesis ea_000: float64, float64 
[ 2023-05-01 23:25:15,520 ] 85 root - INFO - Hypothesis eb_000: float64, float64 
[ 2023-05-01 23:25:15,526 ] 85 root - INFO - Hypothesis ec_00: float64, float64 
[ 2023-05-01 23:25:15,532 ] 85 root - INFO - Hypothesis ed_000: float64, float64 
[ 2023-05-01 23:25:15,538 ] 85 root - INFO - Hypothesis ee_000: float64, float64 
[ 2023-05-01 23:25:15,545 ] 85 root - INFO - Hypothesis ee_001: float64, float64 
[ 2023-05-01 23:25:15,552 ] 85 root - INFO - Hypothesis ee_002: float64, float64 
[ 2023-05-01 23:25:15,559 ] 85 root - INFO - Hypothesis ee_003: float64, float64 
[ 2023-05-01 23:25:15,566 ] 85 root - INFO - Hypothesis ee_004: float64, float64 
[ 2023-05-01 23:25:15,573 ] 85 root - INFO - Hypothesis ee_005: float64, float64 
[ 2023-05-01 23:25:15,579 ] 85 root - INFO - Hypothesis ee_006: float64, float64 
[ 2023-05-01 23:25:15,586 ] 85 root - INFO - Hypothesis ee_007: float64, float64 
[ 2023-05-01 23:25:15,594 ] 85 root - INFO - Hypothesis ee_008: float64, float64 
[ 2023-05-01 23:25:15,600 ] 85 root - INFO - Hypothesis ee_009: float64, float64 
[ 2023-05-01 23:25:15,606 ] 85 root - INFO - Hypothesis ef_000: float64, float64 
[ 2023-05-01 23:25:15,621 ] 85 root - INFO - Hypothesis eg_000: float64, float64 
[ 2023-05-01 23:25:15,637 ] 144 root - INFO - Write reprt in yaml file
[ 2023-05-01 23:25:15,787 ] 149 root - INFO - Data validation artifact: DataValidationArtifact(report_file_path='/config/workspace/artifact/05012023__232455/data_validation/report.yaml')
[ 2023-05-01 23:25:15,887 ] 25 root - INFO - >>>>>>>>>>>>>>>>>>>>>>>>>>>>>>>>>>>>>>>> Data Transformation <<<<<<<<<<<<<<<<<<<<<<<<<<<<<<<<<<<<<<<<
[ 2023-05-01 23:25:16,767 ] 76 root - INFO - Before resampling in training set Input: (28950, 170) Target:(28950,)
[ 2023-05-01 23:25:21,795 ] 78 root - INFO - After resampling in training set Input: (56128, 170) Target:(56128,)
[ 2023-05-01 23:25:21,795 ] 80 root - INFO - Before resampling in testing set Input: (7238, 170) Target:(7238,)
[ 2023-05-01 23:25:22,385 ] 82 root - INFO - After resampling in testing set Input: (14046, 170) Target:(14046,)
[ 2023-05-01 23:25:22,500 ] 57 root - INFO - Entered the save_object method of utils
[ 2023-05-01 23:25:22,504 ] 61 root - INFO - Exited the save_object method of utils
[ 2023-05-01 23:25:22,504 ] 57 root - INFO - Entered the save_object method of utils
[ 2023-05-01 23:25:22,504 ] 61 root - INFO - Exited the save_object method of utils
[ 2023-05-01 23:25:22,505 ] 113 root - INFO - Data transformation object DataTransformationArtifact(transform_object_path='/config/workspace/artifact/05012023__232455/data_transformation/transform/transformer.pkl', transformed_train_path='/config/workspace/artifact/05012023__232455/data_transformation/transformed/train.npz', transformed_test_path='/config/workspace/artifact/05012023__232455/data_transformation/transformed/test.npz', target_encoder_path='/config/workspace/artifact/05012023__232455/data_transformation/target_encoder/target_encoder.pkl')
[ 2023-05-01 23:25:22,506 ] 18 root - INFO - >>>>>>>>>>>>>>>>>>>>>>>>>>>>>>>>>>>>>>>> Model Trainer <<<<<<<<<<<<<<<<<<<<<<<<<<<<<<<<<<<<<<<<
[ 2023-05-01 23:25:22,506 ] 45 root - INFO - Loading train and test array.
[ 2023-05-01 23:25:22,537 ] 49 root - INFO - Splitting input and target feature from both train and test arr.
[ 2023-05-01 23:25:22,537 ] 53 root - INFO - Train the model
[ 2023-05-01 23:25:33,886 ] 56 root - INFO - Calculating f1 train score
[ 2023-05-01 23:25:33,939 ] 60 root - INFO - Calculating f1 test score
[ 2023-05-01 23:25:33,955 ] 64 root - INFO - train score:1.0 and tests score 0.9860044498672218
[ 2023-05-01 23:25:33,955 ] 66 root - INFO - Checking if our model is underfitting or not
[ 2023-05-01 23:25:33,956 ] 71 root - INFO - Checking if our model is overfiiting or not
[ 2023-05-01 23:25:33,956 ] 78 root - INFO - Saving mode object
[ 2023-05-01 23:25:33,956 ] 57 root - INFO - Entered the save_object method of utils
[ 2023-05-01 23:25:33,961 ] 61 root - INFO - Exited the save_object method of utils
[ 2023-05-01 23:25:33,961 ] 82 root - INFO - Prepare the artifact
[ 2023-05-01 23:25:33,961 ] 85 root - INFO - Model trainer artifact: ModelTrainerArtifact(model_path='/config/workspace/artifact/05012023__232455/Model_trainer/model/model.pkl', f1_train_score=1.0, f1_test_score=0.9860044498672218)
[ 2023-05-01 23:25:33,964 ] 21 root - INFO - >>>>>>>>>>>>>>>>>>>>>>>>>>>>>>>>>>>>>>>> Model evaluation <<<<<<<<<<<<<<<<<<<<<<<<<<<<<<<<<<<<<<<<
[ 2023-05-01 23:25:33,964 ] 34 root - INFO - if saved model folder has model, we will compare which model is best trained from save model folder
[ 2023-05-01 23:25:33,964 ] 39 root - INFO - Model evaluation artifact :ModelEvaluationArtifact(is_model_accepted=True, impoved_accuracy=None)
[ 2023-05-01 23:25:33,964 ] 14 root - INFO - >>>>>>>>>>>>>>>>>>>>>>>>>>>>>>>>>>>>>>>> Data Transformation <<<<<<<<<<<<<<<<<<<<<<<<<<<<<<<<<<<<<<<<
[ 2023-05-01 23:25:33,964 ] 25 root - INFO - Loading transformer model and target encoder
[ 2023-05-01 23:25:33,969 ] 31 root - INFO - Saving model into model pusher directory
[ 2023-05-01 23:25:33,969 ] 57 root - INFO - Entered the save_object method of utils
[ 2023-05-01 23:25:33,971 ] 61 root - INFO - Exited the save_object method of utils
[ 2023-05-01 23:25:33,972 ] 57 root - INFO - Entered the save_object method of utils
[ 2023-05-01 23:25:33,976 ] 61 root - INFO - Exited the save_object method of utils
[ 2023-05-01 23:25:33,976 ] 57 root - INFO - Entered the save_object method of utils
[ 2023-05-01 23:25:33,977 ] 61 root - INFO - Exited the save_object method of utils
[ 2023-05-01 23:25:33,977 ] 38 root - INFO - Saving model in saved model dir
[ 2023-05-01 23:25:33,977 ] 57 root - INFO - Entered the save_object method of utils
[ 2023-05-01 23:25:33,979 ] 61 root - INFO - Exited the save_object method of utils
[ 2023-05-01 23:25:33,979 ] 57 root - INFO - Entered the save_object method of utils
[ 2023-05-01 23:25:33,983 ] 61 root - INFO - Exited the save_object method of utils
[ 2023-05-01 23:25:33,984 ] 57 root - INFO - Entered the save_object method of utils
[ 2023-05-01 23:25:33,984 ] 61 root - INFO - Exited the save_object method of utils
[ 2023-05-01 23:25:33,984 ] 49 root - INFO - Model pusher artifact: ModelPusherArtifact(pusher_model_dir='/config/workspace/artifact/05012023__232455/model_pusher/saved_models', saved_model_dir='saved_models')
