[ 2023-05-01 23:20:50,133 ] 16 root - INFO - >>>>>>>>>>>>>>>>>>>>>>>>>>>>>>>>>>>>>>>> Data Ingestion <<<<<<<<<<<<<<<<<<<<<<<<<<<<<<<<<<<<<<<<
[ 2023-05-01 23:20:50,133 ] 24 root - INFO - Exporting collection data as pandas dataframe
[ 2023-05-01 23:20:50,133 ] 21 root - INFO - reading data from database: {database_name} and collection {collection_name}
[ 2023-05-01 23:20:54,613 ] 23 root - INFO - Found columns: Index(['_id', 'class', 'aa_000', 'ab_000', 'ac_000', 'ad_000', 'ae_000',
       'af_000', 'ag_000', 'ag_001',
       ...
       'ee_002', 'ee_003', 'ee_004', 'ee_005', 'ee_006', 'ee_007', 'ee_008',
       'ee_009', 'ef_000', 'eg_000'],
      dtype='object', length=172)
[ 2023-05-01 23:20:54,614 ] 25 root - INFO - Dropping column: _id 
[ 2023-05-01 23:20:54,864 ] 27 root - INFO - Row and columns in df: (36188, 171)
[ 2023-05-01 23:20:54,864 ] 30 root - INFO - Save data in feature store
[ 2023-05-01 23:20:56,305 ] 36 root - INFO - Create feature store folder if not available
[ 2023-05-01 23:20:56,306 ] 40 root - INFO - Save df to feature store folder
[ 2023-05-01 23:20:58,250 ] 45 root - INFO - split dataset into train and test set
[ 2023-05-01 23:20:58,617 ] 49 root - INFO - create dataset directory folder if not available
[ 2023-05-01 23:20:58,617 ] 54 root - INFO - Save df to feature store folder
[ 2023-05-01 23:21:00,508 ] 66 root - INFO - Data ingestion artifact: DataIngestionArtifact(feature_store_file_path='/config/workspace/artifact/05012023__232050/data_ingestion/feature_store/sensor.csv', train_file_path='/config/workspace/artifact/05012023__232050/data_ingestion/dataset/train.csv', test_file_path='/config/workspace/artifact/05012023__232050/data_ingestion/dataset/test.csv')
[ 2023-05-01 23:21:00,945 ] 19 root - INFO - >>>>>>>>>>>>>>>>>>>>>>>>>>>>>>>>>>>>>>>> Data Validation <<<<<<<<<<<<<<<<<<<<<<<<<<<<<<<<<<<<<<<<
[ 2023-05-01 23:21:00,946 ] 107 root - INFO - Reading base dataframe
[ 2023-05-01 23:21:03,192 ] 110 root - INFO - Replace na value in base df
[ 2023-05-01 23:21:03,192 ] 112 root - INFO - Drop null values colums from base df
[ 2023-05-01 23:21:03,413 ] 41 root - INFO - selecting column name which contains null above to 0.7
[ 2023-05-01 23:21:03,414 ] 44 root - INFO - Columns to drop: ['ab_000', 'bn_000', 'bo_000', 'bp_000', 'bq_000', 'br_000', 'cr_000']
[ 2023-05-01 23:21:03,495 ] 115 root - INFO - Reading train dataframe
[ 2023-05-01 23:21:03,877 ] 117 root - INFO - Reading test dataframe
[ 2023-05-01 23:21:03,977 ] 120 root - INFO - Drop null values colums from train df
[ 2023-05-01 23:21:03,984 ] 41 root - INFO - selecting column name which contains null above to 0.7
[ 2023-05-01 23:21:03,985 ] 44 root - INFO - Columns to drop: ['ab_000', 'bn_000', 'bo_000', 'bp_000', 'bq_000', 'br_000', 'cr_000']
[ 2023-05-01 23:21:03,995 ] 122 root - INFO - Drop null values colums from test df
[ 2023-05-01 23:21:03,998 ] 41 root - INFO - selecting column name which contains null above to 0.7
[ 2023-05-01 23:21:03,998 ] 44 root - INFO - Columns to drop: ['ab_000', 'bn_000', 'bo_000', 'bp_000', 'bq_000', 'br_000', 'cr_000']
[ 2023-05-01 23:21:04,878 ] 131 root - INFO - Is all required columns present in train df
[ 2023-05-01 23:21:04,879 ] 133 root - INFO - Is all required columns present in test df
[ 2023-05-01 23:21:04,879 ] 137 root - INFO - As all column are available in train df hence detecting data drift
[ 2023-05-01 23:21:04,879 ] 85 root - INFO - Hypothesis class: object, object 
[ 2023-05-01 23:21:05,016 ] 85 root - INFO - Hypothesis aa_000: float64, float64 
[ 2023-05-01 23:21:05,026 ] 85 root - INFO - Hypothesis ac_000: float64, float64 
[ 2023-05-01 23:21:05,065 ] 85 root - INFO - Hypothesis ad_000: float64, float64 
[ 2023-05-01 23:21:05,105 ] 85 root - INFO - Hypothesis ae_000: float64, float64 
[ 2023-05-01 23:21:05,141 ] 85 root - INFO - Hypothesis af_000: float64, float64 
[ 2023-05-01 23:21:05,178 ] 85 root - INFO - Hypothesis ag_000: float64, float64 
[ 2023-05-01 23:21:05,214 ] 85 root - INFO - Hypothesis ag_001: float64, float64 
[ 2023-05-01 23:21:05,250 ] 85 root - INFO - Hypothesis ag_002: float64, float64 
[ 2023-05-01 23:21:05,287 ] 85 root - INFO - Hypothesis ag_003: float64, float64 
[ 2023-05-01 23:21:05,293 ] 85 root - INFO - Hypothesis ag_004: float64, float64 
[ 2023-05-01 23:21:05,303 ] 85 root - INFO - Hypothesis ag_005: float64, float64 
[ 2023-05-01 23:21:05,314 ] 85 root - INFO - Hypothesis ag_006: float64, float64 
[ 2023-05-01 23:21:05,357 ] 85 root - INFO - Hypothesis ag_007: float64, float64 
[ 2023-05-01 23:21:05,366 ] 85 root - INFO - Hypothesis ag_008: float64, float64 
[ 2023-05-01 23:21:05,407 ] 85 root - INFO - Hypothesis ag_009: float64, float64 
[ 2023-05-01 23:21:05,448 ] 85 root - INFO - Hypothesis ah_000: float64, float64 
[ 2023-05-01 23:21:05,458 ] 85 root - INFO - Hypothesis ai_000: float64, float64 
[ 2023-05-01 23:21:05,495 ] 85 root - INFO - Hypothesis aj_000: float64, float64 
[ 2023-05-01 23:21:05,533 ] 85 root - INFO - Hypothesis ak_000: float64, float64 
[ 2023-05-01 23:21:05,570 ] 85 root - INFO - Hypothesis al_000: float64, float64 
[ 2023-05-01 23:21:05,609 ] 85 root - INFO - Hypothesis am_0: float64, float64 
[ 2023-05-01 23:21:05,649 ] 85 root - INFO - Hypothesis an_000: float64, float64 
[ 2023-05-01 23:21:05,659 ] 85 root - INFO - Hypothesis ao_000: float64, float64 
[ 2023-05-01 23:21:05,670 ] 85 root - INFO - Hypothesis ap_000: float64, float64 
[ 2023-05-01 23:21:05,680 ] 85 root - INFO - Hypothesis aq_000: float64, float64 
[ 2023-05-01 23:21:05,691 ] 85 root - INFO - Hypothesis ar_000: float64, float64 
[ 2023-05-01 23:21:05,727 ] 85 root - INFO - Hypothesis as_000: float64, float64 
[ 2023-05-01 23:21:05,762 ] 85 root - INFO - Hypothesis at_000: float64, float64 
[ 2023-05-01 23:21:05,799 ] 85 root - INFO - Hypothesis au_000: float64, float64 
[ 2023-05-01 23:21:05,835 ] 85 root - INFO - Hypothesis av_000: float64, float64 
[ 2023-05-01 23:21:05,876 ] 85 root - INFO - Hypothesis ax_000: float64, float64 
[ 2023-05-01 23:21:05,884 ] 85 root - INFO - Hypothesis ay_000: float64, float64 
[ 2023-05-01 23:21:05,919 ] 85 root - INFO - Hypothesis ay_001: float64, float64 
[ 2023-05-01 23:21:05,956 ] 85 root - INFO - Hypothesis ay_002: float64, float64 
[ 2023-05-01 23:21:05,993 ] 85 root - INFO - Hypothesis ay_003: float64, float64 
[ 2023-05-01 23:21:06,030 ] 85 root - INFO - Hypothesis ay_004: float64, float64 
[ 2023-05-01 23:21:06,066 ] 85 root - INFO - Hypothesis ay_005: float64, float64 
[ 2023-05-01 23:21:06,106 ] 85 root - INFO - Hypothesis ay_006: float64, float64 
[ 2023-05-01 23:21:06,115 ] 85 root - INFO - Hypothesis ay_007: float64, float64 
[ 2023-05-01 23:21:06,126 ] 85 root - INFO - Hypothesis ay_008: float64, float64 
[ 2023-05-01 23:21:06,136 ] 85 root - INFO - Hypothesis ay_009: float64, float64 
[ 2023-05-01 23:21:06,175 ] 85 root - INFO - Hypothesis az_000: float64, float64 
[ 2023-05-01 23:21:06,186 ] 85 root - INFO - Hypothesis az_001: float64, float64 
[ 2023-05-01 23:21:06,195 ] 85 root - INFO - Hypothesis az_002: float64, float64 
[ 2023-05-01 23:21:06,205 ] 85 root - INFO - Hypothesis az_003: float64, float64 
[ 2023-05-01 23:21:06,215 ] 85 root - INFO - Hypothesis az_004: float64, float64 
[ 2023-05-01 23:21:06,225 ] 85 root - INFO - Hypothesis az_005: float64, float64 
[ 2023-05-01 23:21:06,239 ] 85 root - INFO - Hypothesis az_006: float64, float64 
[ 2023-05-01 23:21:06,280 ] 85 root - INFO - Hypothesis az_007: float64, float64 
[ 2023-05-01 23:21:06,322 ] 85 root - INFO - Hypothesis az_008: float64, float64 
[ 2023-05-01 23:21:06,359 ] 85 root - INFO - Hypothesis az_009: float64, float64 
[ 2023-05-01 23:21:06,397 ] 85 root - INFO - Hypothesis ba_000: float64, float64 
[ 2023-05-01 23:21:06,408 ] 85 root - INFO - Hypothesis ba_001: float64, float64 
[ 2023-05-01 23:21:06,419 ] 85 root - INFO - Hypothesis ba_002: float64, float64 
[ 2023-05-01 23:21:06,429 ] 85 root - INFO - Hypothesis ba_003: float64, float64 
[ 2023-05-01 23:21:06,439 ] 85 root - INFO - Hypothesis ba_004: float64, float64 
[ 2023-05-01 23:21:06,482 ] 85 root - INFO - Hypothesis ba_005: float64, float64 
[ 2023-05-01 23:21:06,492 ] 85 root - INFO - Hypothesis ba_006: float64, float64 
[ 2023-05-01 23:21:06,502 ] 85 root - INFO - Hypothesis ba_007: float64, float64 
[ 2023-05-01 23:21:06,512 ] 85 root - INFO - Hypothesis ba_008: float64, float64 
[ 2023-05-01 23:21:06,520 ] 85 root - INFO - Hypothesis ba_009: float64, float64 
[ 2023-05-01 23:21:06,527 ] 85 root - INFO - Hypothesis bb_000: float64, float64 
[ 2023-05-01 23:21:06,537 ] 85 root - INFO - Hypothesis bc_000: float64, float64 
[ 2023-05-01 23:21:06,545 ] 85 root - INFO - Hypothesis bd_000: float64, float64 
[ 2023-05-01 23:21:06,554 ] 85 root - INFO - Hypothesis be_000: float64, float64 
[ 2023-05-01 23:21:06,563 ] 85 root - INFO - Hypothesis bf_000: float64, float64 
[ 2023-05-01 23:21:06,569 ] 85 root - INFO - Hypothesis bg_000: float64, float64 
[ 2023-05-01 23:21:06,580 ] 85 root - INFO - Hypothesis bh_000: float64, float64 
[ 2023-05-01 23:21:06,591 ] 85 root - INFO - Hypothesis bi_000: float64, float64 
[ 2023-05-01 23:21:06,602 ] 85 root - INFO - Hypothesis bj_000: float64, float64 
[ 2023-05-01 23:21:06,612 ] 85 root - INFO - Hypothesis bk_000: float64, float64 
[ 2023-05-01 23:21:06,621 ] 85 root - INFO - Hypothesis bl_000: float64, float64 
[ 2023-05-01 23:21:06,629 ] 85 root - INFO - Hypothesis bm_000: float64, float64 
[ 2023-05-01 23:21:06,668 ] 85 root - INFO - Hypothesis bs_000: float64, float64 
[ 2023-05-01 23:21:06,712 ] 85 root - INFO - Hypothesis bt_000: float64, float64 
[ 2023-05-01 23:21:06,723 ] 85 root - INFO - Hypothesis bu_000: float64, float64 
[ 2023-05-01 23:21:06,733 ] 85 root - INFO - Hypothesis bv_000: float64, float64 
[ 2023-05-01 23:21:06,744 ] 85 root - INFO - Hypothesis bx_000: float64, float64 
[ 2023-05-01 23:21:06,755 ] 85 root - INFO - Hypothesis by_000: float64, float64 
[ 2023-05-01 23:21:06,765 ] 85 root - INFO - Hypothesis bz_000: float64, float64 
[ 2023-05-01 23:21:06,774 ] 85 root - INFO - Hypothesis ca_000: float64, float64 
[ 2023-05-01 23:21:06,784 ] 85 root - INFO - Hypothesis cb_000: float64, float64 
[ 2023-05-01 23:21:06,827 ] 85 root - INFO - Hypothesis cc_000: float64, float64 
[ 2023-05-01 23:21:06,837 ] 85 root - INFO - Hypothesis cd_000: float64, float64 
[ 2023-05-01 23:21:06,873 ] 85 root - INFO - Hypothesis ce_000: float64, float64 
[ 2023-05-01 23:21:06,915 ] 85 root - INFO - Hypothesis cf_000: float64, float64 
[ 2023-05-01 23:21:06,953 ] 85 root - INFO - Hypothesis cg_000: float64, float64 
[ 2023-05-01 23:21:06,961 ] 85 root - INFO - Hypothesis ch_000: float64, float64 
[ 2023-05-01 23:21:06,999 ] 85 root - INFO - Hypothesis ci_000: float64, float64 
[ 2023-05-01 23:21:07,043 ] 85 root - INFO - Hypothesis cj_000: float64, float64 
[ 2023-05-01 23:21:07,081 ] 85 root - INFO - Hypothesis ck_000: float64, float64 
[ 2023-05-01 23:21:07,092 ] 85 root - INFO - Hypothesis cl_000: float64, float64 
[ 2023-05-01 23:21:07,098 ] 85 root - INFO - Hypothesis cm_000: float64, float64 
[ 2023-05-01 23:21:07,105 ] 85 root - INFO - Hypothesis cn_000: float64, float64 
[ 2023-05-01 23:21:07,141 ] 85 root - INFO - Hypothesis cn_001: float64, float64 
[ 2023-05-01 23:21:07,181 ] 85 root - INFO - Hypothesis cn_002: float64, float64 
[ 2023-05-01 23:21:07,226 ] 85 root - INFO - Hypothesis cn_003: float64, float64 
[ 2023-05-01 23:21:07,237 ] 85 root - INFO - Hypothesis cn_004: float64, float64 
[ 2023-05-01 23:21:07,248 ] 85 root - INFO - Hypothesis cn_005: float64, float64 
[ 2023-05-01 23:21:07,258 ] 85 root - INFO - Hypothesis cn_006: float64, float64 
[ 2023-05-01 23:21:07,268 ] 85 root - INFO - Hypothesis cn_007: float64, float64 
[ 2023-05-01 23:21:07,278 ] 85 root - INFO - Hypothesis cn_008: float64, float64 
[ 2023-05-01 23:21:07,287 ] 85 root - INFO - Hypothesis cn_009: float64, float64 
[ 2023-05-01 23:21:07,326 ] 85 root - INFO - Hypothesis co_000: float64, float64 
[ 2023-05-01 23:21:07,333 ] 85 root - INFO - Hypothesis cp_000: float64, float64 
[ 2023-05-01 23:21:07,341 ] 85 root - INFO - Hypothesis cq_000: float64, float64 
[ 2023-05-01 23:21:07,352 ] 85 root - INFO - Hypothesis cs_000: float64, float64 
[ 2023-05-01 23:21:07,395 ] 85 root - INFO - Hypothesis cs_001: float64, float64 
[ 2023-05-01 23:21:07,437 ] 85 root - INFO - Hypothesis cs_002: float64, float64 
[ 2023-05-01 23:21:07,447 ] 85 root - INFO - Hypothesis cs_003: float64, float64 
[ 2023-05-01 23:21:07,458 ] 85 root - INFO - Hypothesis cs_004: float64, float64 
[ 2023-05-01 23:21:07,468 ] 85 root - INFO - Hypothesis cs_005: float64, float64 
[ 2023-05-01 23:21:07,479 ] 85 root - INFO - Hypothesis cs_006: float64, float64 
[ 2023-05-01 23:21:07,489 ] 85 root - INFO - Hypothesis cs_007: float64, float64 
[ 2023-05-01 23:21:07,532 ] 85 root - INFO - Hypothesis cs_008: float64, float64 
[ 2023-05-01 23:21:07,540 ] 85 root - INFO - Hypothesis cs_009: float64, float64 
[ 2023-05-01 23:21:07,579 ] 85 root - INFO - Hypothesis ct_000: float64, float64 
[ 2023-05-01 23:21:07,619 ] 85 root - INFO - Hypothesis cu_000: float64, float64 
[ 2023-05-01 23:21:07,627 ] 85 root - INFO - Hypothesis cv_000: float64, float64 
[ 2023-05-01 23:21:07,668 ] 85 root - INFO - Hypothesis cx_000: float64, float64 
[ 2023-05-01 23:21:07,676 ] 85 root - INFO - Hypothesis cy_000: float64, float64 
[ 2023-05-01 23:21:07,714 ] 85 root - INFO - Hypothesis cz_000: float64, float64 
[ 2023-05-01 23:21:07,755 ] 85 root - INFO - Hypothesis da_000: float64, float64 
[ 2023-05-01 23:21:07,793 ] 85 root - INFO - Hypothesis db_000: float64, float64 
[ 2023-05-01 23:21:07,830 ] 85 root - INFO - Hypothesis dc_000: float64, float64 
[ 2023-05-01 23:21:07,871 ] 85 root - INFO - Hypothesis dd_000: float64, float64 
[ 2023-05-01 23:21:07,912 ] 85 root - INFO - Hypothesis de_000: float64, float64 
[ 2023-05-01 23:21:07,953 ] 85 root - INFO - Hypothesis df_000: float64, float64 
[ 2023-05-01 23:21:07,990 ] 85 root - INFO - Hypothesis dg_000: float64, float64 
[ 2023-05-01 23:21:08,027 ] 85 root - INFO - Hypothesis dh_000: float64, float64 
[ 2023-05-01 23:21:08,065 ] 85 root - INFO - Hypothesis di_000: float64, float64 
[ 2023-05-01 23:21:08,071 ] 85 root - INFO - Hypothesis dj_000: float64, float64 
[ 2023-05-01 23:21:08,107 ] 85 root - INFO - Hypothesis dk_000: float64, float64 
[ 2023-05-01 23:21:08,143 ] 85 root - INFO - Hypothesis dl_000: float64, float64 
[ 2023-05-01 23:21:08,182 ] 85 root - INFO - Hypothesis dm_000: float64, float64 
[ 2023-05-01 23:21:08,219 ] 85 root - INFO - Hypothesis dn_000: float64, float64 
[ 2023-05-01 23:21:08,229 ] 85 root - INFO - Hypothesis do_000: float64, float64 
[ 2023-05-01 23:21:08,239 ] 85 root - INFO - Hypothesis dp_000: float64, float64 
[ 2023-05-01 23:21:08,248 ] 85 root - INFO - Hypothesis dq_000: float64, float64 
[ 2023-05-01 23:21:08,288 ] 85 root - INFO - Hypothesis dr_000: float64, float64 
[ 2023-05-01 23:21:08,326 ] 85 root - INFO - Hypothesis ds_000: float64, float64 
[ 2023-05-01 23:21:08,336 ] 85 root - INFO - Hypothesis dt_000: float64, float64 
[ 2023-05-01 23:21:08,346 ] 85 root - INFO - Hypothesis du_000: float64, float64 
[ 2023-05-01 23:21:08,356 ] 85 root - INFO - Hypothesis dv_000: float64, float64 
[ 2023-05-01 23:21:08,366 ] 85 root - INFO - Hypothesis dx_000: float64, float64 
[ 2023-05-01 23:21:08,405 ] 85 root - INFO - Hypothesis dy_000: float64, float64 
[ 2023-05-01 23:21:08,444 ] 85 root - INFO - Hypothesis dz_000: float64, float64 
[ 2023-05-01 23:21:08,480 ] 85 root - INFO - Hypothesis ea_000: float64, float64 
[ 2023-05-01 23:21:08,516 ] 85 root - INFO - Hypothesis eb_000: float64, float64 
[ 2023-05-01 23:21:08,525 ] 85 root - INFO - Hypothesis ec_00: float64, float64 
[ 2023-05-01 23:21:08,535 ] 85 root - INFO - Hypothesis ed_000: float64, float64 
[ 2023-05-01 23:21:08,544 ] 85 root - INFO - Hypothesis ee_000: float64, float64 
[ 2023-05-01 23:21:08,554 ] 85 root - INFO - Hypothesis ee_001: float64, float64 
[ 2023-05-01 23:21:08,565 ] 85 root - INFO - Hypothesis ee_002: float64, float64 
[ 2023-05-01 23:21:08,575 ] 85 root - INFO - Hypothesis ee_003: float64, float64 
[ 2023-05-01 23:21:08,585 ] 85 root - INFO - Hypothesis ee_004: float64, float64 
[ 2023-05-01 23:21:08,596 ] 85 root - INFO - Hypothesis ee_005: float64, float64 
[ 2023-05-01 23:21:08,606 ] 85 root - INFO - Hypothesis ee_006: float64, float64 
[ 2023-05-01 23:21:08,616 ] 85 root - INFO - Hypothesis ee_007: float64, float64 
[ 2023-05-01 23:21:08,626 ] 85 root - INFO - Hypothesis ee_008: float64, float64 
[ 2023-05-01 23:21:08,635 ] 85 root - INFO - Hypothesis ee_009: float64, float64 
[ 2023-05-01 23:21:08,675 ] 85 root - INFO - Hypothesis ef_000: float64, float64 
[ 2023-05-01 23:21:08,711 ] 85 root - INFO - Hypothesis eg_000: float64, float64 
[ 2023-05-01 23:21:08,747 ] 140 root - INFO - As all column are available in test df hence detecting data drift
[ 2023-05-01 23:21:08,747 ] 85 root - INFO - Hypothesis class: object, object 
[ 2023-05-01 23:21:08,822 ] 85 root - INFO - Hypothesis aa_000: float64, float64 
[ 2023-05-01 23:21:08,829 ] 85 root - INFO - Hypothesis ac_000: float64, float64 
[ 2023-05-01 23:21:08,834 ] 85 root - INFO - Hypothesis ad_000: float64, float64 
[ 2023-05-01 23:21:08,839 ] 85 root - INFO - Hypothesis ae_000: float64, float64 
[ 2023-05-01 23:21:08,855 ] 85 root - INFO - Hypothesis af_000: float64, float64 
[ 2023-05-01 23:21:08,870 ] 85 root - INFO - Hypothesis ag_000: float64, float64 
[ 2023-05-01 23:21:08,885 ] 85 root - INFO - Hypothesis ag_001: float64, float64 
[ 2023-05-01 23:21:08,900 ] 85 root - INFO - Hypothesis ag_002: float64, float64 
[ 2023-05-01 23:21:08,915 ] 85 root - INFO - Hypothesis ag_003: float64, float64 
[ 2023-05-01 23:21:08,920 ] 85 root - INFO - Hypothesis ag_004: float64, float64 
[ 2023-05-01 23:21:08,926 ] 85 root - INFO - Hypothesis ag_005: float64, float64 
[ 2023-05-01 23:21:08,933 ] 85 root - INFO - Hypothesis ag_006: float64, float64 
[ 2023-05-01 23:21:08,940 ] 85 root - INFO - Hypothesis ag_007: float64, float64 
[ 2023-05-01 23:21:08,947 ] 85 root - INFO - Hypothesis ag_008: float64, float64 
[ 2023-05-01 23:21:08,952 ] 85 root - INFO - Hypothesis ag_009: float64, float64 
[ 2023-05-01 23:21:08,957 ] 85 root - INFO - Hypothesis ah_000: float64, float64 
[ 2023-05-01 23:21:08,964 ] 85 root - INFO - Hypothesis ai_000: float64, float64 
[ 2023-05-01 23:21:08,980 ] 85 root - INFO - Hypothesis aj_000: float64, float64 
[ 2023-05-01 23:21:08,984 ] 85 root - INFO - Hypothesis ak_000: float64, float64 
[ 2023-05-01 23:21:08,987 ] 85 root - INFO - Hypothesis al_000: float64, float64 
[ 2023-05-01 23:21:08,992 ] 85 root - INFO - Hypothesis am_0: float64, float64 
[ 2023-05-01 23:21:08,997 ] 85 root - INFO - Hypothesis an_000: float64, float64 
[ 2023-05-01 23:21:09,004 ] 85 root - INFO - Hypothesis ao_000: float64, float64 
[ 2023-05-01 23:21:09,011 ] 85 root - INFO - Hypothesis ap_000: float64, float64 
[ 2023-05-01 23:21:09,019 ] 85 root - INFO - Hypothesis aq_000: float64, float64 
[ 2023-05-01 23:21:09,026 ] 85 root - INFO - Hypothesis ar_000: float64, float64 
[ 2023-05-01 23:21:09,041 ] 85 root - INFO - Hypothesis as_000: float64, float64 
[ 2023-05-01 23:21:09,056 ] 85 root - INFO - Hypothesis at_000: float64, float64 
[ 2023-05-01 23:21:09,072 ] 85 root - INFO - Hypothesis au_000: float64, float64 
[ 2023-05-01 23:21:09,087 ] 85 root - INFO - Hypothesis av_000: float64, float64 
[ 2023-05-01 23:21:09,092 ] 85 root - INFO - Hypothesis ax_000: float64, float64 
[ 2023-05-01 23:21:09,098 ] 85 root - INFO - Hypothesis ay_000: float64, float64 
[ 2023-05-01 23:21:09,113 ] 85 root - INFO - Hypothesis ay_001: float64, float64 
[ 2023-05-01 23:21:09,128 ] 85 root - INFO - Hypothesis ay_002: float64, float64 
[ 2023-05-01 23:21:09,143 ] 85 root - INFO - Hypothesis ay_003: float64, float64 
[ 2023-05-01 23:21:09,158 ] 85 root - INFO - Hypothesis ay_004: float64, float64 
[ 2023-05-01 23:21:09,173 ] 85 root - INFO - Hypothesis ay_005: float64, float64 
[ 2023-05-01 23:21:09,179 ] 85 root - INFO - Hypothesis ay_006: float64, float64 
[ 2023-05-01 23:21:09,185 ] 85 root - INFO - Hypothesis ay_007: float64, float64 
[ 2023-05-01 23:21:09,191 ] 85 root - INFO - Hypothesis ay_008: float64, float64 
[ 2023-05-01 23:21:09,198 ] 85 root - INFO - Hypothesis ay_009: float64, float64 
[ 2023-05-01 23:21:09,213 ] 85 root - INFO - Hypothesis az_000: float64, float64 
[ 2023-05-01 23:21:09,219 ] 85 root - INFO - Hypothesis az_001: float64, float64 
[ 2023-05-01 23:21:09,226 ] 85 root - INFO - Hypothesis az_002: float64, float64 
[ 2023-05-01 23:21:09,232 ] 85 root - INFO - Hypothesis az_003: float64, float64 
[ 2023-05-01 23:21:09,239 ] 85 root - INFO - Hypothesis az_004: float64, float64 
[ 2023-05-01 23:21:09,246 ] 85 root - INFO - Hypothesis az_005: float64, float64 
[ 2023-05-01 23:21:09,253 ] 85 root - INFO - Hypothesis az_006: float64, float64 
[ 2023-05-01 23:21:09,259 ] 85 root - INFO - Hypothesis az_007: float64, float64 
[ 2023-05-01 23:21:09,263 ] 85 root - INFO - Hypothesis az_008: float64, float64 
[ 2023-05-01 23:21:09,278 ] 85 root - INFO - Hypothesis az_009: float64, float64 
[ 2023-05-01 23:21:09,293 ] 85 root - INFO - Hypothesis ba_000: float64, float64 
[ 2023-05-01 23:21:09,300 ] 85 root - INFO - Hypothesis ba_001: float64, float64 
[ 2023-05-01 23:21:09,307 ] 85 root - INFO - Hypothesis ba_002: float64, float64 
[ 2023-05-01 23:21:09,314 ] 85 root - INFO - Hypothesis ba_003: float64, float64 
[ 2023-05-01 23:21:09,321 ] 85 root - INFO - Hypothesis ba_004: float64, float64 
[ 2023-05-01 23:21:09,328 ] 85 root - INFO - Hypothesis ba_005: float64, float64 
[ 2023-05-01 23:21:09,335 ] 85 root - INFO - Hypothesis ba_006: float64, float64 
[ 2023-05-01 23:21:09,342 ] 85 root - INFO - Hypothesis ba_007: float64, float64 
[ 2023-05-01 23:21:09,349 ] 85 root - INFO - Hypothesis ba_008: float64, float64 
[ 2023-05-01 23:21:09,354 ] 85 root - INFO - Hypothesis ba_009: float64, float64 
[ 2023-05-01 23:21:09,359 ] 85 root - INFO - Hypothesis bb_000: float64, float64 
[ 2023-05-01 23:21:09,366 ] 85 root - INFO - Hypothesis bc_000: float64, float64 
[ 2023-05-01 23:21:09,371 ] 85 root - INFO - Hypothesis bd_000: float64, float64 
[ 2023-05-01 23:21:09,376 ] 85 root - INFO - Hypothesis be_000: float64, float64 
[ 2023-05-01 23:21:09,382 ] 85 root - INFO - Hypothesis bf_000: float64, float64 
[ 2023-05-01 23:21:09,387 ] 85 root - INFO - Hypothesis bg_000: float64, float64 
[ 2023-05-01 23:21:09,394 ] 85 root - INFO - Hypothesis bh_000: float64, float64 
[ 2023-05-01 23:21:09,401 ] 85 root - INFO - Hypothesis bi_000: float64, float64 
[ 2023-05-01 23:21:09,408 ] 85 root - INFO - Hypothesis bj_000: float64, float64 
[ 2023-05-01 23:21:09,415 ] 85 root - INFO - Hypothesis bk_000: float64, float64 
[ 2023-05-01 23:21:09,421 ] 85 root - INFO - Hypothesis bl_000: float64, float64 
[ 2023-05-01 23:21:09,426 ] 85 root - INFO - Hypothesis bm_000: float64, float64 
[ 2023-05-01 23:21:09,430 ] 85 root - INFO - Hypothesis bs_000: float64, float64 
[ 2023-05-01 23:21:09,437 ] 85 root - INFO - Hypothesis bt_000: float64, float64 
[ 2023-05-01 23:21:09,444 ] 85 root - INFO - Hypothesis bu_000: float64, float64 
[ 2023-05-01 23:21:09,451 ] 85 root - INFO - Hypothesis bv_000: float64, float64 
[ 2023-05-01 23:21:09,458 ] 85 root - INFO - Hypothesis bx_000: float64, float64 
[ 2023-05-01 23:21:09,465 ] 85 root - INFO - Hypothesis by_000: float64, float64 
[ 2023-05-01 23:21:09,473 ] 85 root - INFO - Hypothesis bz_000: float64, float64 
[ 2023-05-01 23:21:09,479 ] 85 root - INFO - Hypothesis ca_000: float64, float64 
[ 2023-05-01 23:21:09,486 ] 85 root - INFO - Hypothesis cb_000: float64, float64 
[ 2023-05-01 23:21:09,493 ] 85 root - INFO - Hypothesis cc_000: float64, float64 
[ 2023-05-01 23:21:09,500 ] 85 root - INFO - Hypothesis cd_000: float64, float64 
[ 2023-05-01 23:21:09,516 ] 85 root - INFO - Hypothesis ce_000: float64, float64 
[ 2023-05-01 23:21:09,522 ] 85 root - INFO - Hypothesis cf_000: float64, float64 
[ 2023-05-01 23:21:09,526 ] 85 root - INFO - Hypothesis cg_000: float64, float64 
[ 2023-05-01 23:21:09,531 ] 85 root - INFO - Hypothesis ch_000: float64, float64 
[ 2023-05-01 23:21:09,548 ] 85 root - INFO - Hypothesis ci_000: float64, float64 
[ 2023-05-01 23:21:09,555 ] 85 root - INFO - Hypothesis cj_000: float64, float64 
[ 2023-05-01 23:21:09,559 ] 85 root - INFO - Hypothesis ck_000: float64, float64 
[ 2023-05-01 23:21:09,566 ] 85 root - INFO - Hypothesis cl_000: float64, float64 
[ 2023-05-01 23:21:09,570 ] 85 root - INFO - Hypothesis cm_000: float64, float64 
[ 2023-05-01 23:21:09,575 ] 85 root - INFO - Hypothesis cn_000: float64, float64 
[ 2023-05-01 23:21:09,590 ] 85 root - INFO - Hypothesis cn_001: float64, float64 
[ 2023-05-01 23:21:09,594 ] 85 root - INFO - Hypothesis cn_002: float64, float64 
[ 2023-05-01 23:21:09,599 ] 85 root - INFO - Hypothesis cn_003: float64, float64 
[ 2023-05-01 23:21:09,606 ] 85 root - INFO - Hypothesis cn_004: float64, float64 
[ 2023-05-01 23:21:09,613 ] 85 root - INFO - Hypothesis cn_005: float64, float64 
[ 2023-05-01 23:21:09,620 ] 85 root - INFO - Hypothesis cn_006: float64, float64 
[ 2023-05-01 23:21:09,627 ] 85 root - INFO - Hypothesis cn_007: float64, float64 
[ 2023-05-01 23:21:09,634 ] 85 root - INFO - Hypothesis cn_008: float64, float64 
[ 2023-05-01 23:21:09,640 ] 85 root - INFO - Hypothesis cn_009: float64, float64 
[ 2023-05-01 23:21:09,645 ] 85 root - INFO - Hypothesis co_000: float64, float64 
[ 2023-05-01 23:21:09,650 ] 85 root - INFO - Hypothesis cp_000: float64, float64 
[ 2023-05-01 23:21:09,655 ] 85 root - INFO - Hypothesis cq_000: float64, float64 
[ 2023-05-01 23:21:09,662 ] 85 root - INFO - Hypothesis cs_000: float64, float64 
[ 2023-05-01 23:21:09,669 ] 85 root - INFO - Hypothesis cs_001: float64, float64 
[ 2023-05-01 23:21:09,675 ] 85 root - INFO - Hypothesis cs_002: float64, float64 
[ 2023-05-01 23:21:09,681 ] 85 root - INFO - Hypothesis cs_003: float64, float64 
[ 2023-05-01 23:21:09,688 ] 85 root - INFO - Hypothesis cs_004: float64, float64 
[ 2023-05-01 23:21:09,695 ] 85 root - INFO - Hypothesis cs_005: float64, float64 
[ 2023-05-01 23:21:09,702 ] 85 root - INFO - Hypothesis cs_006: float64, float64 
[ 2023-05-01 23:21:09,709 ] 85 root - INFO - Hypothesis cs_007: float64, float64 
[ 2023-05-01 23:21:09,716 ] 85 root - INFO - Hypothesis cs_008: float64, float64 
[ 2023-05-01 23:21:09,722 ] 85 root - INFO - Hypothesis cs_009: float64, float64 
[ 2023-05-01 23:21:09,737 ] 85 root - INFO - Hypothesis ct_000: float64, float64 
[ 2023-05-01 23:21:09,742 ] 85 root - INFO - Hypothesis cu_000: float64, float64 
[ 2023-05-01 23:21:09,748 ] 85 root - INFO - Hypothesis cv_000: float64, float64 
[ 2023-05-01 23:21:09,754 ] 85 root - INFO - Hypothesis cx_000: float64, float64 
[ 2023-05-01 23:21:09,760 ] 85 root - INFO - Hypothesis cy_000: float64, float64 
[ 2023-05-01 23:21:09,764 ] 85 root - INFO - Hypothesis cz_000: float64, float64 
[ 2023-05-01 23:21:09,769 ] 85 root - INFO - Hypothesis da_000: float64, float64 
[ 2023-05-01 23:21:09,773 ] 85 root - INFO - Hypothesis db_000: float64, float64 
[ 2023-05-01 23:21:09,777 ] 85 root - INFO - Hypothesis dc_000: float64, float64 
[ 2023-05-01 23:21:09,783 ] 85 root - INFO - Hypothesis dd_000: float64, float64 
[ 2023-05-01 23:21:09,789 ] 85 root - INFO - Hypothesis de_000: float64, float64 
[ 2023-05-01 23:21:09,795 ] 85 root - INFO - Hypothesis df_000: float64, float64 
[ 2023-05-01 23:21:09,798 ] 85 root - INFO - Hypothesis dg_000: float64, float64 
[ 2023-05-01 23:21:09,801 ] 85 root - INFO - Hypothesis dh_000: float64, float64 
[ 2023-05-01 23:21:09,805 ] 85 root - INFO - Hypothesis di_000: float64, float64 
[ 2023-05-01 23:21:09,809 ] 85 root - INFO - Hypothesis dj_000: float64, float64 
[ 2023-05-01 23:21:09,812 ] 85 root - INFO - Hypothesis dk_000: float64, float64 
[ 2023-05-01 23:21:09,815 ] 85 root - INFO - Hypothesis dl_000: float64, float64 
[ 2023-05-01 23:21:09,819 ] 85 root - INFO - Hypothesis dm_000: float64, float64 
[ 2023-05-01 23:21:09,822 ] 85 root - INFO - Hypothesis dn_000: float64, float64 
[ 2023-05-01 23:21:09,829 ] 85 root - INFO - Hypothesis do_000: float64, float64 
[ 2023-05-01 23:21:09,835 ] 85 root - INFO - Hypothesis dp_000: float64, float64 
[ 2023-05-01 23:21:09,841 ] 85 root - INFO - Hypothesis dq_000: float64, float64 
[ 2023-05-01 23:21:09,845 ] 85 root - INFO - Hypothesis dr_000: float64, float64 
[ 2023-05-01 23:21:09,850 ] 85 root - INFO - Hypothesis ds_000: float64, float64 
[ 2023-05-01 23:21:09,856 ] 85 root - INFO - Hypothesis dt_000: float64, float64 
[ 2023-05-01 23:21:09,863 ] 85 root - INFO - Hypothesis du_000: float64, float64 
[ 2023-05-01 23:21:09,870 ] 85 root - INFO - Hypothesis dv_000: float64, float64 
[ 2023-05-01 23:21:09,877 ] 85 root - INFO - Hypothesis dx_000: float64, float64 
[ 2023-05-01 23:21:09,881 ] 85 root - INFO - Hypothesis dy_000: float64, float64 
[ 2023-05-01 23:21:09,886 ] 85 root - INFO - Hypothesis dz_000: float64, float64 
[ 2023-05-01 23:21:09,889 ] 85 root - INFO - Hypothesis ea_000: float64, float64 
[ 2023-05-01 23:21:09,892 ] 85 root - INFO - Hypothesis eb_000: float64, float64 
[ 2023-05-01 23:21:09,898 ] 85 root - INFO - Hypothesis ec_00: float64, float64 
[ 2023-05-01 23:21:09,905 ] 85 root - INFO - Hypothesis ed_000: float64, float64 
[ 2023-05-01 23:21:09,911 ] 85 root - INFO - Hypothesis ee_000: float64, float64 
[ 2023-05-01 23:21:09,918 ] 85 root - INFO - Hypothesis ee_001: float64, float64 
[ 2023-05-01 23:21:09,925 ] 85 root - INFO - Hypothesis ee_002: float64, float64 
[ 2023-05-01 23:21:09,932 ] 85 root - INFO - Hypothesis ee_003: float64, float64 
[ 2023-05-01 23:21:09,939 ] 85 root - INFO - Hypothesis ee_004: float64, float64 
[ 2023-05-01 23:21:09,945 ] 85 root - INFO - Hypothesis ee_005: float64, float64 
[ 2023-05-01 23:21:09,952 ] 85 root - INFO - Hypothesis ee_006: float64, float64 
[ 2023-05-01 23:21:09,959 ] 85 root - INFO - Hypothesis ee_007: float64, float64 
[ 2023-05-01 23:21:09,965 ] 85 root - INFO - Hypothesis ee_008: float64, float64 
[ 2023-05-01 23:21:09,971 ] 85 root - INFO - Hypothesis ee_009: float64, float64 
[ 2023-05-01 23:21:09,976 ] 85 root - INFO - Hypothesis ef_000: float64, float64 
[ 2023-05-01 23:21:09,991 ] 85 root - INFO - Hypothesis eg_000: float64, float64 
[ 2023-05-01 23:21:10,007 ] 144 root - INFO - Write reprt in yaml file
[ 2023-05-01 23:21:10,151 ] 149 root - INFO - Data validation artifact: DataValidationArtifact(report_file_path='/config/workspace/artifact/05012023__232050/data_validation/report.yaml')
[ 2023-05-01 23:21:10,255 ] 25 root - INFO - >>>>>>>>>>>>>>>>>>>>>>>>>>>>>>>>>>>>>>>> Data Transformation <<<<<<<<<<<<<<<<<<<<<<<<<<<<<<<<<<<<<<<<
[ 2023-05-01 23:21:11,129 ] 76 root - INFO - Before resampling in training set Input: (28950, 170) Target:(28950,)
[ 2023-05-01 23:21:16,381 ] 78 root - INFO - After resampling in training set Input: (56144, 170) Target:(56144,)
[ 2023-05-01 23:21:16,381 ] 80 root - INFO - Before resampling in testing set Input: (7238, 170) Target:(7238,)
[ 2023-05-01 23:21:16,973 ] 82 root - INFO - After resampling in testing set Input: (14048, 170) Target:(14048,)
[ 2023-05-01 23:21:17,090 ] 57 root - INFO - Entered the save_object method of utils
[ 2023-05-01 23:21:17,093 ] 61 root - INFO - Exited the save_object method of utils
[ 2023-05-01 23:21:17,093 ] 57 root - INFO - Entered the save_object method of utils
[ 2023-05-01 23:21:17,094 ] 61 root - INFO - Exited the save_object method of utils
[ 2023-05-01 23:21:17,094 ] 113 root - INFO - Data transformation object DataTransformationArtifact(transform_object_path='/config/workspace/artifact/05012023__232050/data_transformation/transform/transformer.pkl', transformed_train_path='/config/workspace/artifact/05012023__232050/data_transformation/transformed/train.npz', transformed_test_path='/config/workspace/artifact/05012023__232050/data_transformation/transformed/test.npz', target_encoder_path='/config/workspace/artifact/05012023__232050/data_transformation/target_encoder/target_encoder.pkl')
[ 2023-05-01 23:21:17,095 ] 18 root - INFO - >>>>>>>>>>>>>>>>>>>>>>>>>>>>>>>>>>>>>>>> Model Trainer <<<<<<<<<<<<<<<<<<<<<<<<<<<<<<<<<<<<<<<<
[ 2023-05-01 23:21:17,095 ] 45 root - INFO - Loading train and test array.
[ 2023-05-01 23:21:17,127 ] 49 root - INFO - Splitting input and target feature from both train and test arr.
[ 2023-05-01 23:21:17,127 ] 53 root - INFO - Train the model
[ 2023-05-01 23:21:27,481 ] 56 root - INFO - Calculating f1 train score
[ 2023-05-01 23:21:27,533 ] 60 root - INFO - Calculating f1 test score
[ 2023-05-01 23:21:27,550 ] 64 root - INFO - train score:0.9999821883404877 and tests score 0.9849116252335105
[ 2023-05-01 23:21:27,550 ] 66 root - INFO - Checking if our model is underfitting or not
[ 2023-05-01 23:21:27,551 ] 71 root - INFO - Checking if our model is overfiiting or not
[ 2023-05-01 23:21:27,551 ] 78 root - INFO - Saving mode object
[ 2023-05-01 23:21:27,551 ] 57 root - INFO - Entered the save_object method of utils
[ 2023-05-01 23:21:27,556 ] 61 root - INFO - Exited the save_object method of utils
[ 2023-05-01 23:21:27,556 ] 82 root - INFO - Prepare the artifact
[ 2023-05-01 23:21:27,556 ] 85 root - INFO - Model trainer artifact: ModelTrainerArtifact(model_path='/config/workspace/artifact/05012023__232050/Model_trainer/model/model.pkl', f1_train_score=0.9999821883404877, f1_test_score=0.9849116252335105)
[ 2023-05-01 23:21:27,559 ] 21 root - INFO - >>>>>>>>>>>>>>>>>>>>>>>>>>>>>>>>>>>>>>>> Model evaluation <<<<<<<<<<<<<<<<<<<<<<<<<<<<<<<<<<<<<<<<
[ 2023-05-01 23:21:27,559 ] 34 root - INFO - if saved model folder has model, we will compare which model is best trained from save model folder
[ 2023-05-01 23:21:27,559 ] 39 root - INFO - Model evaluation artifact :ModelEvaluationArtifact(is_model_accepted=True, impoved_accuracy=None)
